{
  "stats": {
    "suites": 1,
    "tests": 1,
    "passes": 0,
    "pending": 0,
    "failures": 1,
    "start": "2022-11-16T14:40:11.154Z",
    "end": "2022-11-16T14:40:24.818Z",
    "duration": 13664,
    "testsRegistered": 3,
    "passPercent": 0,
    "pendingPercent": 0,
    "other": 0,
    "hasOther": false,
    "skipped": 2,
    "hasSkipped": true
  },
  "results": [
    {
      "uuid": "3c55b24a-eb90-4993-b0f7-3b5655e2494a",
      "title": "",
      "fullFile": "cypress/e2e/_requirements/08.DeleteExpense.cy.js",
      "file": "cypress/e2e/_requirements/08.DeleteExpense.cy.js",
      "beforeHooks": [],
      "afterHooks": [],
      "tests": [],
      "suites": [
        {
          "uuid": "18d994bf-e6cd-42e6-920b-19741fcca8d3",
          "title": "8 - Crie um botão para deletar uma despesa da tabela contendo as seguintes características:",
          "fullFile": "",
          "file": "",
          "beforeHooks": [],
          "afterHooks": [],
          "tests": [
            {
              "title": "O botão deve estar dentro do último item da linha da tabela e deve possuir `data-testid=\"delete-btn\"`",
              "fullTitle": "8 - Crie um botão para deletar uma despesa da tabela contendo as seguintes características: O botão deve estar dentro do último item da linha da tabela e deve possuir `data-testid=\"delete-btn\"`",
              "timedOut": null,
              "duration": 10906,
              "state": "failed",
              "speed": null,
              "pass": false,
              "fail": true,
              "pending": false,
              "context": null,
              "code": "cy.get('tbody tr').first().find('td').last().find(`button[data-testid=\"${_constants.BTN_DELETE_TEST_ID}\"]`).should('exist');\ncy.getByTestId(_constants.BTN_DELETE_TEST_ID).should('have.length', 2);",
              "err": {
                "message": "CypressError: Timed out retrying after 10000ms: `cy.clear()` failed because this element:\n\n`<input data-testid=\"email-input\" type=\"email\" name=\"email\" id=\"email\" value=\"\">`\n\nis being covered by another element:\n\n`<iframe id=\"webpack-dev-server-client-overlay\" src=\"about:blank\" style=\"position: fixed; inset: 0px; width: 100vw; height: 100vh; border: none; z-index: 2147483647;\"></iframe>`\n\nFix this problem, or use {force: true} to disable error checking.\n\nhttps://on.cypress.io/element-cannot-be-interacted-with\n\nBecause this error occurred during a `before each` hook we are skipping the remaining tests in the current suite: `8 - Crie um botão para dele...`",
                "estack": "CypressError: Timed out retrying after 10000ms: `cy.clear()` failed because this element:\n\n`<input data-testid=\"email-input\" type=\"email\" name=\"email\" id=\"email\" value=\"\">`\n\nis being covered by another element:\n\n`<iframe id=\"webpack-dev-server-client-overlay\" src=\"about:blank\" style=\"position: fixed; inset: 0px; width: 100vw; height: 100vh; border: none; z-index: 2147483647;\"></iframe>`\n\nFix this problem, or use {force: true} to disable error checking.\n\nhttps://on.cypress.io/element-cannot-be-interacted-with\n\nBecause this error occurred during a `before each` hook we are skipping the remaining tests in the current suite: `8 - Crie um botão para dele...`\n    at $Cy.ensureDescendents (http://localhost:3000/__cypress/runner/cypress_runner.js:162348:78)\n    at ensureDescendents (http://localhost:3000/__cypress/runner/cypress_runner.js:147721:8)\n    at ensureDescendentsAndScroll (http://localhost:3000/__cypress/runner/cypress_runner.js:147728:14)\n    at ensureElIsNotCovered (http://localhost:3000/__cypress/runner/cypress_runner.js:147860:5)\n    at runAllChecks (http://localhost:3000/__cypress/runner/cypress_runner.js:148050:52)\n    at retryActionability (http://localhost:3000/__cypress/runner/cypress_runner.js:148074:16)\n    at tryCatcher (http://localhost:3000/__cypress/runner/cypress_runner.js:13012:23)\n    at Promise.attempt.Promise.try (http://localhost:3000/__cypress/runner/cypress_runner.js:10286:29)\n    at whenStable (http://localhost:3000/__cypress/runner/cypress_runner.js:167274:65)\n    at http://localhost:3000/__cypress/runner/cypress_runner.js:166728:14\n    at tryCatcher (http://localhost:3000/__cypress/runner/cypress_runner.js:13012:23)\n    at Promise._settlePromiseFromHandler (http://localhost:3000/__cypress/runner/cypress_runner.js:10947:31)\n    at Promise._settlePromise (http://localhost:3000/__cypress/runner/cypress_runner.js:11004:18)\n    at Promise._settlePromise0 (http://localhost:3000/__cypress/runner/cypress_runner.js:11049:10)\n    at Promise._settlePromises (http://localhost:3000/__cypress/runner/cypress_runner.js:11129:18)\n    at Promise._fulfill (http://localhost:3000/__cypress/runner/cypress_runner.js:11073:18)\n    at http://localhost:3000/__cypress/runner/cypress_runner.js:12687:46\nFrom Your Spec Code:\n    at logInWithValidCredentials (http://localhost:3000/__cypress/tests?p=cypress/e2e/_requirements/08.DeleteExpense.cy.js:613:50)\n    at Context.eval (http://localhost:3000/__cypress/tests?p=cypress/e2e/_requirements/08.DeleteExpense.cy.js:166:52)",
                "diff": null
              },
              "uuid": "5a6ecddf-3f1f-484d-99f2-63e80e84e1c2",
              "parentUUID": "18d994bf-e6cd-42e6-920b-19741fcca8d3",
              "isHook": false,
              "skipped": false
            },
            {
              "title": "Ao ser clicado, o botão deleta a linha da tabela, alterando o estado global.",
              "fullTitle": "8 - Crie um botão para deletar uma despesa da tabela contendo as seguintes características: Ao ser clicado, o botão deleta a linha da tabela, alterando o estado global.",
              "timedOut": null,
              "duration": 0,
              "state": "skipped",
              "speed": null,
              "pass": false,
              "fail": false,
              "pending": false,
              "context": null,
              "code": "const expectedTableRow = ['Cinco euros', 'Lazer', 'Cartão de crédito', '5.00', 'Euro/Real Brasileiro', '5.13', '25.63', 'Real'];\ncy.getByTestId(_constants.BTN_DELETE_TEST_ID).first().click().should('not.exist');\nconst deleteBtn = 1;\ncy.get('tbody tr td').should('have.length', expectedTableRow.length + deleteBtn);\ncy.wrap(expectedTableRow).each(expectedValue => {\n  cy.get('tbody tr td').contains(expectedValue);\n});\nconst expectedExpenses = [_objectSpread(_objectSpread({}, _constants.initialExpenses[1]), {}, {\n  id: 1,\n  exchangeRates: _data.mockData\n})];\ncy.window().its('store').invoke('getState').its('wallet.expenses').should('deep.equal', expectedExpenses);",
              "err": {},
              "uuid": "c36d20d0-40aa-4452-996d-8578355490a8",
              "parentUUID": "18d994bf-e6cd-42e6-920b-19741fcca8d3",
              "isHook": false,
              "skipped": true
            },
            {
              "title": "Ao clicar no botão para remover uma despesa, o valor correspondente deve ser subtraído e a despesa total deve ser atualizada no header",
              "fullTitle": "8 - Crie um botão para deletar uma despesa da tabela contendo as seguintes características: Ao clicar no botão para remover uma despesa, o valor correspondente deve ser subtraído e a despesa total deve ser atualizada no header",
              "timedOut": null,
              "duration": 0,
              "state": "skipped",
              "speed": null,
              "pass": false,
              "fail": false,
              "pending": false,
              "context": null,
              "code": "cy.getByTestId(_constants.TOTAL_FIELD_TEST_ID).should('have.text', '73.16');\ncy.getByTestId(_constants.BTN_DELETE_TEST_ID).first().click();\ncy.getByTestId(_constants.TOTAL_FIELD_TEST_ID).should('have.text', '25.63');\ncy.getByTestId(_constants.BTN_DELETE_TEST_ID).first().click();\ncy.getByTestId(_constants.TOTAL_FIELD_TEST_ID).should('have.text', '0.00');",
              "err": {},
              "uuid": "4f81137d-d27f-4200-bfd5-bca1ed2a41a7",
              "parentUUID": "18d994bf-e6cd-42e6-920b-19741fcca8d3",
              "isHook": false,
              "skipped": true
            }
          ],
          "suites": [],
          "passes": [],
          "failures": [
            "5a6ecddf-3f1f-484d-99f2-63e80e84e1c2"
          ],
          "pending": [],
          "skipped": [
            "c36d20d0-40aa-4452-996d-8578355490a8",
            "4f81137d-d27f-4200-bfd5-bca1ed2a41a7"
          ],
          "duration": 10906,
          "root": false,
          "rootEmpty": false,
          "_timeout": 2000
        }
      ],
      "passes": [],
      "failures": [],
      "pending": [],
      "skipped": [],
      "duration": 0,
      "root": true,
      "rootEmpty": true,
      "_timeout": 2000
    }
  ],
  "meta": {
    "mocha": {
      "version": "7.0.1"
    },
    "mochawesome": {
      "options": {
        "quiet": false,
        "reportFilename": "mochawesome",
        "saveHtml": false,
        "saveJson": true,
        "consoleReporter": "spec",
        "useInlineDiffs": false,
        "code": true
      },
      "version": "7.1.3"
    },
    "marge": {
      "options": {
        "id": "default",
        "reportDir": "cypress/reports",
        "overwrite": false,
        "html": false,
        "json": true
      },
      "version": "6.2.0"
    }
  }
}