{
  "stats": {
    "suites": 1,
    "tests": 1,
    "passes": 0,
    "pending": 0,
    "failures": 1,
    "start": "2022-11-16T14:38:43.363Z",
    "end": "2022-11-16T14:38:57.205Z",
    "duration": 13842,
    "testsRegistered": 3,
    "passPercent": 0,
    "pendingPercent": 0,
    "other": 0,
    "hasOther": false,
    "skipped": 2,
    "hasSkipped": true
  },
  "results": [
    {
      "uuid": "73a4e115-3482-4968-8623-cb8c5f31df3c",
      "title": "",
      "fullFile": "cypress/e2e/_requirements/02.Header.cy.js",
      "file": "cypress/e2e/_requirements/02.Header.cy.js",
      "beforeHooks": [],
      "afterHooks": [],
      "tests": [],
      "suites": [
        {
          "uuid": "bdce024e-da23-43f3-bdf3-0b5beea373c8",
          "title": "2 - Crie um header para a página de carteira contendo as seguintes características:",
          "fullFile": "",
          "file": "",
          "beforeHooks": [],
          "afterHooks": [],
          "tests": [
            {
              "title": "Um elemento que exiba o email do usuário que fez login.",
              "fullTitle": "2 - Crie um header para a página de carteira contendo as seguintes características: Um elemento que exiba o email do usuário que fez login.",
              "timedOut": null,
              "duration": 11119,
              "state": "failed",
              "speed": null,
              "pass": false,
              "fail": true,
              "pending": false,
              "context": null,
              "code": "cy.getByTestId(_constants.EMAIL_FIELD_TEST_ID).should('contain', _constants.VALID_EMAIL);",
              "err": {
                "message": "CypressError: Timed out retrying after 10000ms: `cy.clear()` failed because this element:\n\n`<input data-testid=\"email-input\" type=\"email\" name=\"email\" id=\"email\" value=\"\">`\n\nis being covered by another element:\n\n`<iframe id=\"webpack-dev-server-client-overlay\" src=\"about:blank\" style=\"position: fixed; inset: 0px; width: 100vw; height: 100vh; border: none; z-index: 2147483647;\"></iframe>`\n\nFix this problem, or use {force: true} to disable error checking.\n\nhttps://on.cypress.io/element-cannot-be-interacted-with\n\nBecause this error occurred during a `before each` hook we are skipping the remaining tests in the current suite: `2 - Crie um header para a p...`",
                "estack": "CypressError: Timed out retrying after 10000ms: `cy.clear()` failed because this element:\n\n`<input data-testid=\"email-input\" type=\"email\" name=\"email\" id=\"email\" value=\"\">`\n\nis being covered by another element:\n\n`<iframe id=\"webpack-dev-server-client-overlay\" src=\"about:blank\" style=\"position: fixed; inset: 0px; width: 100vw; height: 100vh; border: none; z-index: 2147483647;\"></iframe>`\n\nFix this problem, or use {force: true} to disable error checking.\n\nhttps://on.cypress.io/element-cannot-be-interacted-with\n\nBecause this error occurred during a `before each` hook we are skipping the remaining tests in the current suite: `2 - Crie um header para a p...`\n    at $Cy.ensureDescendents (http://localhost:3000/__cypress/runner/cypress_runner.js:162348:78)\n    at ensureDescendents (http://localhost:3000/__cypress/runner/cypress_runner.js:147721:8)\n    at ensureDescendentsAndScroll (http://localhost:3000/__cypress/runner/cypress_runner.js:147728:14)\n    at ensureElIsNotCovered (http://localhost:3000/__cypress/runner/cypress_runner.js:147860:5)\n    at runAllChecks (http://localhost:3000/__cypress/runner/cypress_runner.js:148050:52)\n    at retryActionability (http://localhost:3000/__cypress/runner/cypress_runner.js:148074:16)\n    at tryCatcher (http://localhost:3000/__cypress/runner/cypress_runner.js:13012:23)\n    at Promise.attempt.Promise.try (http://localhost:3000/__cypress/runner/cypress_runner.js:10286:29)\n    at whenStable (http://localhost:3000/__cypress/runner/cypress_runner.js:167274:65)\n    at http://localhost:3000/__cypress/runner/cypress_runner.js:166728:14\n    at tryCatcher (http://localhost:3000/__cypress/runner/cypress_runner.js:13012:23)\n    at Promise._settlePromiseFromHandler (http://localhost:3000/__cypress/runner/cypress_runner.js:10947:31)\n    at Promise._settlePromise (http://localhost:3000/__cypress/runner/cypress_runner.js:11004:18)\n    at Promise._settlePromise0 (http://localhost:3000/__cypress/runner/cypress_runner.js:11049:10)\n    at Promise._settlePromises (http://localhost:3000/__cypress/runner/cypress_runner.js:11129:18)\n    at Promise._fulfill (http://localhost:3000/__cypress/runner/cypress_runner.js:11073:18)\n    at http://localhost:3000/__cypress/runner/cypress_runner.js:12687:46\nFrom Your Spec Code:\n    at logInWithValidCredentials (http://localhost:3000/__cypress/tests?p=cypress/e2e/_requirements/02.Header.cy.js:563:50)\n    at Context.eval (http://localhost:3000/__cypress/tests?p=cypress/e2e/_requirements/02.Header.cy.js:133:52)",
                "diff": null
              },
              "uuid": "e13d94ce-1a9a-4631-b892-162a77066b60",
              "parentUUID": "bdce024e-da23-43f3-bdf3-0b5beea373c8",
              "isHook": false,
              "skipped": false
            },
            {
              "title": "Crie um campo com a despesa total gerada pela lista de gastos.",
              "fullTitle": "2 - Crie um header para a página de carteira contendo as seguintes características: Crie um campo com a despesa total gerada pela lista de gastos.",
              "timedOut": null,
              "duration": 0,
              "state": "skipped",
              "speed": null,
              "pass": false,
              "fail": false,
              "pending": false,
              "context": null,
              "code": "cy.getByTestId(_constants.TOTAL_FIELD_TEST_ID).should('contain', '0');",
              "err": {},
              "uuid": "a00180ea-9383-4b0c-a758-4913d63dc08a",
              "parentUUID": "bdce024e-da23-43f3-bdf3-0b5beea373c8",
              "isHook": false,
              "skipped": true
            },
            {
              "title": "Crie um campo que mostre que qual câmbio está sendo utilizado, que será neste caso 'BRL'",
              "fullTitle": "2 - Crie um header para a página de carteira contendo as seguintes características: Crie um campo que mostre que qual câmbio está sendo utilizado, que será neste caso 'BRL'",
              "timedOut": null,
              "duration": 0,
              "state": "skipped",
              "speed": null,
              "pass": false,
              "fail": false,
              "pending": false,
              "context": null,
              "code": "cy.getByTestId(_constants.HEADER_CURRENCY_FIELD_TEST_ID).should('contain', 'BRL');",
              "err": {},
              "uuid": "3cbde664-3799-4bfb-83d7-9e5c7eff7d50",
              "parentUUID": "bdce024e-da23-43f3-bdf3-0b5beea373c8",
              "isHook": false,
              "skipped": true
            }
          ],
          "suites": [],
          "passes": [],
          "failures": [
            "e13d94ce-1a9a-4631-b892-162a77066b60"
          ],
          "pending": [],
          "skipped": [
            "a00180ea-9383-4b0c-a758-4913d63dc08a",
            "3cbde664-3799-4bfb-83d7-9e5c7eff7d50"
          ],
          "duration": 11119,
          "root": false,
          "rootEmpty": false,
          "_timeout": 2000
        }
      ],
      "passes": [],
      "failures": [],
      "pending": [],
      "skipped": [],
      "duration": 0,
      "root": true,
      "rootEmpty": true,
      "_timeout": 2000
    }
  ],
  "meta": {
    "mocha": {
      "version": "7.0.1"
    },
    "mochawesome": {
      "options": {
        "quiet": false,
        "reportFilename": "mochawesome",
        "saveHtml": false,
        "saveJson": true,
        "consoleReporter": "spec",
        "useInlineDiffs": false,
        "code": true
      },
      "version": "7.1.3"
    },
    "marge": {
      "options": {
        "id": "default",
        "reportDir": "cypress/reports",
        "overwrite": false,
        "html": false,
        "json": true
      },
      "version": "6.2.0"
    }
  }
}