{
  "stats": {
    "suites": 1,
    "tests": 1,
    "passes": 0,
    "pending": 0,
    "failures": 1,
    "start": "2022-11-01T02:55:09.221Z",
    "end": "2022-11-01T02:55:13.135Z",
    "duration": 3914,
    "testsRegistered": 1,
    "passPercent": 0,
    "pendingPercent": 0,
    "other": 0,
    "hasOther": false,
    "skipped": 0,
    "hasSkipped": false
  },
  "results": [
    {
      "uuid": "944466f2-ef8a-4c80-a981-50bb2dce57f1",
      "title": "",
      "fullFile": "cypress/e2e/_requirements/06.ExpensesTable.cy.js",
      "file": "cypress/e2e/_requirements/06.ExpensesTable.cy.js",
      "beforeHooks": [],
      "afterHooks": [],
      "tests": [],
      "suites": [
        {
          "uuid": "13589e62-8f6a-4c6a-a5b3-9c604200002f",
          "title": "6 - Desenvolva uma tabela com os gastos contendo as seguintes características:",
          "fullFile": "",
          "file": "",
          "beforeHooks": [],
          "afterHooks": [],
          "tests": [
            {
              "title": "A tabela deve possuir um cabeçalho com os campos Descrição, Tag, Método de pagamento, Valor, Moeda, Câmbio utilizado, Valor convertido e Moeda de conversão",
              "fullTitle": "6 - Desenvolva uma tabela com os gastos contendo as seguintes características: A tabela deve possuir um cabeçalho com os campos Descrição, Tag, Método de pagamento, Valor, Moeda, Câmbio utilizado, Valor convertido e Moeda de conversão",
              "timedOut": null,
              "duration": 665,
              "state": "failed",
              "speed": null,
              "pass": false,
              "fail": true,
              "pending": false,
              "context": null,
              "code": "cy.get('th').should('have.length', _constants.tableHeaderList.length);\ncy.wrap(_constants.tableHeaderList).each(header => {\n  cy.get('th').contains(header);\n});",
              "err": {
                "message": "Error: The following error originated from your application code, not from Cypress.\n\n  > The slice reducer for key \"wallet\" returned undefined during initialization. If the state passed to the reducer is undefined, you must explicitly return the initial state. The initial state may not be undefined. If you don't want to set a value for this reducer, you can use null instead of undefined.\n\nWhen Cypress detects uncaught errors originating from your application it will automatically fail the current test.\n\nThis behavior is configurable, and you can choose to turn this off by listening to the `uncaught:exception` event.\n\nhttps://on.cypress.io/uncaught-exception-from-application\n\nBecause this error occurred during a `before each` hook we are skipping the remaining tests in the current suite: `6 - Desenvolva uma tabela c...`",
                "estack": "Error: The following error originated from your application code, not from Cypress.\n\n  > The slice reducer for key \"wallet\" returned undefined during initialization. If the state passed to the reducer is undefined, you must explicitly return the initial state. The initial state may not be undefined. If you don't want to set a value for this reducer, you can use null instead of undefined.\n\nWhen Cypress detects uncaught errors originating from your application it will automatically fail the current test.\n\nThis behavior is configurable, and you can choose to turn this off by listening to the `uncaught:exception` event.\n\nhttps://on.cypress.io/uncaught-exception-from-application\n\nBecause this error occurred during a `before each` hook we are skipping the remaining tests in the current suite: `6 - Desenvolva uma tabela c...`\n    at http://localhost:3000/static/js/bundle.js:49671:13\n    at Array.forEach (<anonymous>)\n    at assertReducerShape (http://localhost:3000/static/js/bundle.js:49664:25)\n    at combineReducers (http://localhost:3000/static/js/bundle.js:49729:5)\n    at ./src/redux/reducers/index.js (http://localhost:3000/static/js/bundle.js:831:75)\n    at options.factory (http://localhost:3000/static/js/bundle.js:54875:31)\n    at __webpack_require__ (http://localhost:3000/static/js/bundle.js:54320:33)\n    at fn (http://localhost:3000/static/js/bundle.js:54532:21)\n    at ./src/redux/store.js (http://localhost:3000/static/js/bundle.js:1035:73)\n    at options.factory (http://localhost:3000/static/js/bundle.js:54875:31)",
                "diff": null
              },
              "uuid": "e278bac6-587f-45e8-ac6e-766dfe720868",
              "parentUUID": "13589e62-8f6a-4c6a-a5b3-9c604200002f",
              "isHook": false,
              "skipped": false
            }
          ],
          "suites": [],
          "passes": [],
          "failures": [
            "e278bac6-587f-45e8-ac6e-766dfe720868"
          ],
          "pending": [],
          "skipped": [],
          "duration": 665,
          "root": false,
          "rootEmpty": false,
          "_timeout": 2000
        }
      ],
      "passes": [],
      "failures": [],
      "pending": [],
      "skipped": [],
      "duration": 0,
      "root": true,
      "rootEmpty": true,
      "_timeout": 2000
    }
  ],
  "meta": {
    "mocha": {
      "version": "7.0.1"
    },
    "mochawesome": {
      "options": {
        "quiet": false,
        "reportFilename": "mochawesome",
        "saveHtml": false,
        "saveJson": true,
        "consoleReporter": "spec",
        "useInlineDiffs": false,
        "code": true
      },
      "version": "7.1.3"
    },
    "marge": {
      "options": {
        "id": "default",
        "reportDir": "cypress/reports",
        "overwrite": false,
        "html": false,
        "json": true
      },
      "version": "6.2.0"
    }
  }
}