{
  "stats": {
    "suites": 1,
    "tests": 1,
    "passes": 0,
    "pending": 0,
    "failures": 1,
    "start": "2022-11-16T14:39:37.281Z",
    "end": "2022-11-16T14:39:50.886Z",
    "duration": 13605,
    "testsRegistered": 1,
    "passPercent": 0,
    "pendingPercent": 0,
    "other": 0,
    "hasOther": false,
    "skipped": 0,
    "hasSkipped": false
  },
  "results": [
    {
      "uuid": "d6e314c3-da61-4868-b3ca-299d5d9e7ab3",
      "title": "",
      "fullFile": "cypress/e2e/_requirements/06.ExpensesTable.cy.js",
      "file": "cypress/e2e/_requirements/06.ExpensesTable.cy.js",
      "beforeHooks": [],
      "afterHooks": [],
      "tests": [],
      "suites": [
        {
          "uuid": "be53925c-ace7-48c9-8607-6206e52a3e1e",
          "title": "6 - Desenvolva uma tabela com os gastos contendo as seguintes características:",
          "fullFile": "",
          "file": "",
          "beforeHooks": [],
          "afterHooks": [],
          "tests": [
            {
              "title": "A tabela deve possuir um cabeçalho com os campos Descrição, Tag, Método de pagamento, Valor, Moeda, Câmbio utilizado, Valor convertido e Moeda de conversão",
              "fullTitle": "6 - Desenvolva uma tabela com os gastos contendo as seguintes características: A tabela deve possuir um cabeçalho com os campos Descrição, Tag, Método de pagamento, Valor, Moeda, Câmbio utilizado, Valor convertido e Moeda de conversão",
              "timedOut": null,
              "duration": 10896,
              "state": "failed",
              "speed": null,
              "pass": false,
              "fail": true,
              "pending": false,
              "context": null,
              "code": "cy.get('th').should('have.length', _constants.tableHeaderList.length);\ncy.wrap(_constants.tableHeaderList).each(header => {\n  cy.get('th').contains(header);\n});",
              "err": {
                "message": "CypressError: Timed out retrying after 10000ms: `cy.clear()` failed because this element:\n\n`<input data-testid=\"email-input\" type=\"email\" name=\"email\" id=\"email\" value=\"\">`\n\nis being covered by another element:\n\n`<iframe id=\"webpack-dev-server-client-overlay\" src=\"about:blank\" style=\"position: fixed; inset: 0px; width: 100vw; height: 100vh; border: none; z-index: 2147483647;\"></iframe>`\n\nFix this problem, or use {force: true} to disable error checking.\n\nhttps://on.cypress.io/element-cannot-be-interacted-with\n\nBecause this error occurred during a `before each` hook we are skipping the remaining tests in the current suite: `6 - Desenvolva uma tabela c...`",
                "estack": "CypressError: Timed out retrying after 10000ms: `cy.clear()` failed because this element:\n\n`<input data-testid=\"email-input\" type=\"email\" name=\"email\" id=\"email\" value=\"\">`\n\nis being covered by another element:\n\n`<iframe id=\"webpack-dev-server-client-overlay\" src=\"about:blank\" style=\"position: fixed; inset: 0px; width: 100vw; height: 100vh; border: none; z-index: 2147483647;\"></iframe>`\n\nFix this problem, or use {force: true} to disable error checking.\n\nhttps://on.cypress.io/element-cannot-be-interacted-with\n\nBecause this error occurred during a `before each` hook we are skipping the remaining tests in the current suite: `6 - Desenvolva uma tabela c...`\n    at $Cy.ensureDescendents (http://localhost:3000/__cypress/runner/cypress_runner.js:162348:78)\n    at ensureDescendents (http://localhost:3000/__cypress/runner/cypress_runner.js:147721:8)\n    at ensureDescendentsAndScroll (http://localhost:3000/__cypress/runner/cypress_runner.js:147728:14)\n    at ensureElIsNotCovered (http://localhost:3000/__cypress/runner/cypress_runner.js:147860:5)\n    at runAllChecks (http://localhost:3000/__cypress/runner/cypress_runner.js:148050:52)\n    at retryActionability (http://localhost:3000/__cypress/runner/cypress_runner.js:148074:16)\n    at tryCatcher (http://localhost:3000/__cypress/runner/cypress_runner.js:13012:23)\n    at Promise.attempt.Promise.try (http://localhost:3000/__cypress/runner/cypress_runner.js:10286:29)\n    at whenStable (http://localhost:3000/__cypress/runner/cypress_runner.js:167274:65)\n    at http://localhost:3000/__cypress/runner/cypress_runner.js:166728:14\n    at tryCatcher (http://localhost:3000/__cypress/runner/cypress_runner.js:13012:23)\n    at Promise._settlePromiseFromHandler (http://localhost:3000/__cypress/runner/cypress_runner.js:10947:31)\n    at Promise._settlePromise (http://localhost:3000/__cypress/runner/cypress_runner.js:11004:18)\n    at Promise._settlePromise0 (http://localhost:3000/__cypress/runner/cypress_runner.js:11049:10)\n    at Promise._settlePromises (http://localhost:3000/__cypress/runner/cypress_runner.js:11129:18)\n    at Promise._fulfill (http://localhost:3000/__cypress/runner/cypress_runner.js:11073:18)\n    at http://localhost:3000/__cypress/runner/cypress_runner.js:12687:46\nFrom Your Spec Code:\n    at logInWithValidCredentials (http://localhost:3000/__cypress/tests?p=cypress/e2e/_requirements/06.ExpensesTable.cy.js:560:50)\n    at Context.eval (http://localhost:3000/__cypress/tests?p=cypress/e2e/_requirements/06.ExpensesTable.cy.js:133:52)",
                "diff": null
              },
              "uuid": "9df6ef3e-6ac5-465e-aa6b-5d0380324b14",
              "parentUUID": "be53925c-ace7-48c9-8607-6206e52a3e1e",
              "isHook": false,
              "skipped": false
            }
          ],
          "suites": [],
          "passes": [],
          "failures": [
            "9df6ef3e-6ac5-465e-aa6b-5d0380324b14"
          ],
          "pending": [],
          "skipped": [],
          "duration": 10896,
          "root": false,
          "rootEmpty": false,
          "_timeout": 2000
        }
      ],
      "passes": [],
      "failures": [],
      "pending": [],
      "skipped": [],
      "duration": 0,
      "root": true,
      "rootEmpty": true,
      "_timeout": 2000
    }
  ],
  "meta": {
    "mocha": {
      "version": "7.0.1"
    },
    "mochawesome": {
      "options": {
        "quiet": false,
        "reportFilename": "mochawesome",
        "saveHtml": false,
        "saveJson": true,
        "consoleReporter": "spec",
        "useInlineDiffs": false,
        "code": true
      },
      "version": "7.1.3"
    },
    "marge": {
      "options": {
        "id": "default",
        "reportDir": "cypress/reports",
        "overwrite": false,
        "html": false,
        "json": true
      },
      "version": "6.2.0"
    }
  }
}