{
  "stats": {
    "suites": 1,
    "tests": 1,
    "passes": 0,
    "pending": 0,
    "failures": 1,
    "start": "2022-11-16T13:34:39.211Z",
    "end": "2022-11-16T13:34:43.855Z",
    "duration": 4644,
    "testsRegistered": 3,
    "passPercent": 0,
    "pendingPercent": 0,
    "other": 0,
    "hasOther": false,
    "skipped": 2,
    "hasSkipped": true
  },
  "results": [
    {
      "uuid": "a9f99aaf-a3f8-4683-b1a7-938b322300b9",
      "title": "",
      "fullFile": "cypress/e2e/_requirements/02.Header.cy.js",
      "file": "cypress/e2e/_requirements/02.Header.cy.js",
      "beforeHooks": [],
      "afterHooks": [],
      "tests": [],
      "suites": [
        {
          "uuid": "f0bf6453-89d6-4efd-a44a-8d4726c90a55",
          "title": "2 - Crie um header para a página de carteira contendo as seguintes características:",
          "fullFile": "",
          "file": "",
          "beforeHooks": [],
          "afterHooks": [],
          "tests": [
            {
              "title": "Um elemento que exiba o email do usuário que fez login.",
              "fullTitle": "2 - Crie um header para a página de carteira contendo as seguintes características: Um elemento que exiba o email do usuário que fez login.",
              "timedOut": null,
              "duration": 1796,
              "state": "failed",
              "speed": null,
              "pass": false,
              "fail": true,
              "pending": false,
              "context": null,
              "code": "cy.getByTestId(_constants.EMAIL_FIELD_TEST_ID).should('contain', _constants.VALID_EMAIL);",
              "err": {
                "message": "TypeError: The following error originated from your application code, not from Cypress.\n\n  > Cannot read properties of undefined (reading 'USD')\n\nWhen Cypress detects uncaught errors originating from your application it will automatically fail the current test.\n\nThis behavior is configurable, and you can choose to turn this off by listening to the `uncaught:exception` event.\n\nhttps://on.cypress.io/uncaught-exception-from-application\n\nBecause this error occurred during a `before each` hook we are skipping the remaining tests in the current suite: `2 - Crie um header para a p...`",
                "estack": "TypeError: The following error originated from your application code, not from Cypress.\n\n  > Cannot read properties of undefined (reading 'USD')\n\nWhen Cypress detects uncaught errors originating from your application it will automatically fail the current test.\n\nThis behavior is configurable, and you can choose to turn this off by listening to the `uncaught:exception` event.\n\nhttps://on.cypress.io/uncaught-exception-from-application\n\nBecause this error occurred during a `before each` hook we are skipping the remaining tests in the current suite: `2 - Crie um header para a p...`\n    at http://localhost:3000/static/js/bundle.js:139:28\n    at Array.reduce (<anonymous>)\n    at Header.sum (http://localhost:3000/static/js/bundle.js:131:41)\n    at Header.render (http://localhost:3000/static/js/bundle.js:162:46)\n    at finishClassComponent (http://localhost:3000/static/js/bundle.js:28212:35)\n    at updateClassComponent (http://localhost:3000/static/js/bundle.js:28169:28)\n    at beginWork (http://localhost:3000/static/js/bundle.js:29795:20)\n    at HTMLUnknownElement.callCallback (http://localhost:3000/static/js/bundle.js:14786:18)\n    at Object.invokeGuardedCallbackDev (http://localhost:3000/static/js/bundle.js:14830:20)\n    at invokeGuardedCallback (http://localhost:3000/static/js/bundle.js:14887:35)",
                "diff": null
              },
              "uuid": "8e07ca7d-b8e5-4d15-b5a6-e7c59ca378e0",
              "parentUUID": "f0bf6453-89d6-4efd-a44a-8d4726c90a55",
              "isHook": false,
              "skipped": false
            },
            {
              "title": "Crie um campo com a despesa total gerada pela lista de gastos.",
              "fullTitle": "2 - Crie um header para a página de carteira contendo as seguintes características: Crie um campo com a despesa total gerada pela lista de gastos.",
              "timedOut": null,
              "duration": 0,
              "state": "skipped",
              "speed": null,
              "pass": false,
              "fail": false,
              "pending": false,
              "context": null,
              "code": "cy.getByTestId(_constants.TOTAL_FIELD_TEST_ID).should('contain', '0');",
              "err": {},
              "uuid": "c14cd6ad-30ef-4d1a-ac3b-980ffaf87a5e",
              "parentUUID": "f0bf6453-89d6-4efd-a44a-8d4726c90a55",
              "isHook": false,
              "skipped": true
            },
            {
              "title": "Crie um campo que mostre que qual câmbio está sendo utilizado, que será neste caso 'BRL'",
              "fullTitle": "2 - Crie um header para a página de carteira contendo as seguintes características: Crie um campo que mostre que qual câmbio está sendo utilizado, que será neste caso 'BRL'",
              "timedOut": null,
              "duration": 0,
              "state": "skipped",
              "speed": null,
              "pass": false,
              "fail": false,
              "pending": false,
              "context": null,
              "code": "cy.getByTestId(_constants.HEADER_CURRENCY_FIELD_TEST_ID).should('contain', 'BRL');",
              "err": {},
              "uuid": "a34d6c41-d05f-46cf-82fa-81cb9d96e875",
              "parentUUID": "f0bf6453-89d6-4efd-a44a-8d4726c90a55",
              "isHook": false,
              "skipped": true
            }
          ],
          "suites": [],
          "passes": [],
          "failures": [
            "8e07ca7d-b8e5-4d15-b5a6-e7c59ca378e0"
          ],
          "pending": [],
          "skipped": [
            "c14cd6ad-30ef-4d1a-ac3b-980ffaf87a5e",
            "a34d6c41-d05f-46cf-82fa-81cb9d96e875"
          ],
          "duration": 1796,
          "root": false,
          "rootEmpty": false,
          "_timeout": 2000
        }
      ],
      "passes": [],
      "failures": [],
      "pending": [],
      "skipped": [],
      "duration": 0,
      "root": true,
      "rootEmpty": true,
      "_timeout": 2000
    }
  ],
  "meta": {
    "mocha": {
      "version": "7.0.1"
    },
    "mochawesome": {
      "options": {
        "quiet": false,
        "reportFilename": "mochawesome",
        "saveHtml": false,
        "saveJson": true,
        "consoleReporter": "spec",
        "useInlineDiffs": false,
        "code": true
      },
      "version": "7.1.3"
    },
    "marge": {
      "options": {
        "id": "default",
        "reportDir": "cypress/reports",
        "overwrite": false,
        "html": false,
        "json": true
      },
      "version": "6.2.0"
    }
  }
}