{
  "stats": {
    "suites": 1,
    "tests": 1,
    "passes": 0,
    "pending": 0,
    "failures": 1,
    "start": "2022-11-16T14:39:54.272Z",
    "end": "2022-11-16T14:40:07.866Z",
    "duration": 13594,
    "testsRegistered": 1,
    "passPercent": 0,
    "pendingPercent": 0,
    "other": 0,
    "hasOther": false,
    "skipped": 0,
    "hasSkipped": false
  },
  "results": [
    {
      "uuid": "b0d7de8e-87ac-43ee-bada-a99bcb09d8fc",
      "title": "",
      "fullFile": "cypress/e2e/_requirements/07.ExpenseGlobalState.cy.js",
      "file": "cypress/e2e/_requirements/07.ExpenseGlobalState.cy.js",
      "beforeHooks": [],
      "afterHooks": [],
      "tests": [],
      "suites": [
        {
          "uuid": "b68b2275-4666-46e6-b291-9c093fdace81",
          "title": "7 - Implemente a lógica para que a tabela seja alimentada pelo estado da aplicação",
          "fullFile": "",
          "file": "",
          "beforeHooks": [],
          "afterHooks": [],
          "tests": [
            {
              "title": "A tabela deve ser alimentada pelo estado da aplicação, que estará disponível na chave expenses que vem do reducer wallet.",
              "fullTitle": "7 - Implemente a lógica para que a tabela seja alimentada pelo estado da aplicação A tabela deve ser alimentada pelo estado da aplicação, que estará disponível na chave expenses que vem do reducer wallet.",
              "timedOut": null,
              "duration": 10912,
              "state": "failed",
              "speed": null,
              "pass": false,
              "fail": true,
              "pending": false,
              "context": null,
              "code": "const expectedTableRows = [['Dez dólares', 'Trabalho', 'Cartão de débito', '10.00', 'Dólar Americano/Real Brasileiro', '4.75', '47.53', 'Real'], ['Cinco euros', 'Lazer', 'Cartão de crédito', '5.00', 'Euro/Real Brasileiro', '5.13', '25.63', 'Real']];\ncy.get('tbody tr').should('have.length', expectedTableRows.length);\ncy.get('tbody tr').each((row, index) => {\n  cy.wrap(expectedTableRows[index]).each(expectedValue => {\n    cy.get(row).find('td').contains(expectedValue);\n  });\n});",
              "err": {
                "message": "CypressError: Timed out retrying after 10000ms: `cy.clear()` failed because this element:\n\n`<input data-testid=\"email-input\" type=\"email\" name=\"email\" id=\"email\" value=\"\">`\n\nis being covered by another element:\n\n`<iframe id=\"webpack-dev-server-client-overlay\" src=\"about:blank\" style=\"position: fixed; inset: 0px; width: 100vw; height: 100vh; border: none; z-index: 2147483647;\"></iframe>`\n\nFix this problem, or use {force: true} to disable error checking.\n\nhttps://on.cypress.io/element-cannot-be-interacted-with\n\nBecause this error occurred during a `before each` hook we are skipping the remaining tests in the current suite: `7 - Implemente a lógica par...`",
                "estack": "CypressError: Timed out retrying after 10000ms: `cy.clear()` failed because this element:\n\n`<input data-testid=\"email-input\" type=\"email\" name=\"email\" id=\"email\" value=\"\">`\n\nis being covered by another element:\n\n`<iframe id=\"webpack-dev-server-client-overlay\" src=\"about:blank\" style=\"position: fixed; inset: 0px; width: 100vw; height: 100vh; border: none; z-index: 2147483647;\"></iframe>`\n\nFix this problem, or use {force: true} to disable error checking.\n\nhttps://on.cypress.io/element-cannot-be-interacted-with\n\nBecause this error occurred during a `before each` hook we are skipping the remaining tests in the current suite: `7 - Implemente a lógica par...`\n    at $Cy.ensureDescendents (http://localhost:3000/__cypress/runner/cypress_runner.js:162348:78)\n    at ensureDescendents (http://localhost:3000/__cypress/runner/cypress_runner.js:147721:8)\n    at ensureDescendentsAndScroll (http://localhost:3000/__cypress/runner/cypress_runner.js:147728:14)\n    at ensureElIsNotCovered (http://localhost:3000/__cypress/runner/cypress_runner.js:147860:5)\n    at runAllChecks (http://localhost:3000/__cypress/runner/cypress_runner.js:148050:52)\n    at retryActionability (http://localhost:3000/__cypress/runner/cypress_runner.js:148074:16)\n    at tryCatcher (http://localhost:3000/__cypress/runner/cypress_runner.js:13012:23)\n    at Promise.attempt.Promise.try (http://localhost:3000/__cypress/runner/cypress_runner.js:10286:29)\n    at whenStable (http://localhost:3000/__cypress/runner/cypress_runner.js:167274:65)\n    at http://localhost:3000/__cypress/runner/cypress_runner.js:166728:14\n    at tryCatcher (http://localhost:3000/__cypress/runner/cypress_runner.js:13012:23)\n    at Promise._settlePromiseFromHandler (http://localhost:3000/__cypress/runner/cypress_runner.js:10947:31)\n    at Promise._settlePromise (http://localhost:3000/__cypress/runner/cypress_runner.js:11004:18)\n    at Promise._settlePromise0 (http://localhost:3000/__cypress/runner/cypress_runner.js:11049:10)\n    at Promise._settlePromises (http://localhost:3000/__cypress/runner/cypress_runner.js:11129:18)\n    at Promise._fulfill (http://localhost:3000/__cypress/runner/cypress_runner.js:11073:18)\n    at http://localhost:3000/__cypress/runner/cypress_runner.js:12687:46\nFrom Your Spec Code:\n    at logInWithValidCredentials (http://localhost:3000/__cypress/tests?p=cypress/e2e/_requirements/07.ExpenseGlobalState.cy.js:564:50)\n    at Context.eval (http://localhost:3000/__cypress/tests?p=cypress/e2e/_requirements/07.ExpenseGlobalState.cy.js:133:52)",
                "diff": null
              },
              "uuid": "b8573b93-fa7b-4946-87f8-26881f467d07",
              "parentUUID": "b68b2275-4666-46e6-b291-9c093fdace81",
              "isHook": false,
              "skipped": false
            }
          ],
          "suites": [],
          "passes": [],
          "failures": [
            "b8573b93-fa7b-4946-87f8-26881f467d07"
          ],
          "pending": [],
          "skipped": [],
          "duration": 10912,
          "root": false,
          "rootEmpty": false,
          "_timeout": 2000
        }
      ],
      "passes": [],
      "failures": [],
      "pending": [],
      "skipped": [],
      "duration": 0,
      "root": true,
      "rootEmpty": true,
      "_timeout": 2000
    }
  ],
  "meta": {
    "mocha": {
      "version": "7.0.1"
    },
    "mochawesome": {
      "options": {
        "quiet": false,
        "reportFilename": "mochawesome",
        "saveHtml": false,
        "saveJson": true,
        "consoleReporter": "spec",
        "useInlineDiffs": false,
        "code": true
      },
      "version": "7.1.3"
    },
    "marge": {
      "options": {
        "id": "default",
        "reportDir": "cypress/reports",
        "overwrite": false,
        "html": false,
        "json": true
      },
      "version": "6.2.0"
    }
  }
}