{
  "stats": {
    "suites": 1,
    "tests": 1,
    "passes": 0,
    "pending": 0,
    "failures": 1,
    "start": "2022-11-16T14:39:17.318Z",
    "end": "2022-11-16T14:39:30.941Z",
    "duration": 13623,
    "testsRegistered": 4,
    "passPercent": 0,
    "pendingPercent": 0,
    "other": 0,
    "hasOther": false,
    "skipped": 3,
    "hasSkipped": true
  },
  "results": [
    {
      "uuid": "600cb5db-6c11-4e95-9ddd-25d1ffaf414e",
      "title": "",
      "fullFile": "cypress/e2e/_requirements/04.SaveExpensesForm.cy.js",
      "file": "cypress/e2e/_requirements/04.SaveExpensesForm.cy.js",
      "beforeHooks": [],
      "afterHooks": [],
      "tests": [],
      "suites": [
        {
          "uuid": "a9a52a00-0c6d-42f1-ac11-173382a60369",
          "title": "4 - Salve todas as informações do formulário no estado global",
          "fullFile": "",
          "file": "",
          "beforeHooks": [],
          "afterHooks": [],
          "tests": [
            {
              "title": "Adiciona uma despesa e verifica se a soma de despesas do header foi atualizada e os inputs voltaram ao valor inicial",
              "fullTitle": "4 - Salve todas as informações do formulário no estado global Adiciona uma despesa e verifica se a soma de despesas do header foi atualizada e os inputs voltaram ao valor inicial",
              "timedOut": null,
              "duration": 10856,
              "state": "failed",
              "speed": null,
              "pass": false,
              "fail": true,
              "pending": false,
              "context": null,
              "code": "const expense = {\n  value: '11',\n  currency: 'USD',\n  method: 'Cartão de crédito',\n  tag: 'Lazer',\n  description: 'Onze dólares'\n};\n(0, _helperFunctions.addExpense)(expense);\ncy.getByTestId(_constants.TOTAL_FIELD_TEST_ID).should('have.text', '52.28');\ncy.getByTestId(_constants.VALUE_INPUT_TEST_ID).should('have.value', '');\ncy.getByTestId(_constants.DESCRIPTION_INPUT_TEST_ID).should('have.value', '');",
              "err": {
                "message": "CypressError: Timed out retrying after 10000ms: `cy.clear()` failed because this element:\n\n`<input data-testid=\"email-input\" type=\"email\" name=\"email\" id=\"email\" value=\"\">`\n\nis being covered by another element:\n\n`<iframe id=\"webpack-dev-server-client-overlay\" src=\"about:blank\" style=\"position: fixed; inset: 0px; width: 100vw; height: 100vh; border: none; z-index: 2147483647;\"></iframe>`\n\nFix this problem, or use {force: true} to disable error checking.\n\nhttps://on.cypress.io/element-cannot-be-interacted-with\n\nBecause this error occurred during a `before each` hook we are skipping the remaining tests in the current suite: `4 - Salve todas as informaç...`",
                "estack": "CypressError: Timed out retrying after 10000ms: `cy.clear()` failed because this element:\n\n`<input data-testid=\"email-input\" type=\"email\" name=\"email\" id=\"email\" value=\"\">`\n\nis being covered by another element:\n\n`<iframe id=\"webpack-dev-server-client-overlay\" src=\"about:blank\" style=\"position: fixed; inset: 0px; width: 100vw; height: 100vh; border: none; z-index: 2147483647;\"></iframe>`\n\nFix this problem, or use {force: true} to disable error checking.\n\nhttps://on.cypress.io/element-cannot-be-interacted-with\n\nBecause this error occurred during a `before each` hook we are skipping the remaining tests in the current suite: `4 - Salve todas as informaç...`\n    at $Cy.ensureDescendents (http://localhost:3000/__cypress/runner/cypress_runner.js:162348:78)\n    at ensureDescendents (http://localhost:3000/__cypress/runner/cypress_runner.js:147721:8)\n    at ensureDescendentsAndScroll (http://localhost:3000/__cypress/runner/cypress_runner.js:147728:14)\n    at ensureElIsNotCovered (http://localhost:3000/__cypress/runner/cypress_runner.js:147860:5)\n    at runAllChecks (http://localhost:3000/__cypress/runner/cypress_runner.js:148050:52)\n    at retryActionability (http://localhost:3000/__cypress/runner/cypress_runner.js:148074:16)\n    at tryCatcher (http://localhost:3000/__cypress/runner/cypress_runner.js:13012:23)\n    at Promise.attempt.Promise.try (http://localhost:3000/__cypress/runner/cypress_runner.js:10286:29)\n    at whenStable (http://localhost:3000/__cypress/runner/cypress_runner.js:167274:65)\n    at http://localhost:3000/__cypress/runner/cypress_runner.js:166728:14\n    at tryCatcher (http://localhost:3000/__cypress/runner/cypress_runner.js:13012:23)\n    at Promise._settlePromiseFromHandler (http://localhost:3000/__cypress/runner/cypress_runner.js:10947:31)\n    at Promise._settlePromise (http://localhost:3000/__cypress/runner/cypress_runner.js:11004:18)\n    at Promise._settlePromise0 (http://localhost:3000/__cypress/runner/cypress_runner.js:11049:10)\n    at Promise._settlePromises (http://localhost:3000/__cypress/runner/cypress_runner.js:11129:18)\n    at Promise._fulfill (http://localhost:3000/__cypress/runner/cypress_runner.js:11073:18)\n    at http://localhost:3000/__cypress/runner/cypress_runner.js:12687:46\nFrom Your Spec Code:\n    at logInWithValidCredentials (http://localhost:3000/__cypress/tests?p=cypress/e2e/_requirements/04.SaveExpensesForm.cy.js:653:50)\n    at Context.eval (http://localhost:3000/__cypress/tests?p=cypress/e2e/_requirements/04.SaveExpensesForm.cy.js:166:52)",
                "diff": null
              },
              "uuid": "0fb81d18-7994-499b-8663-9829f864bec3",
              "parentUUID": "a9a52a00-0c6d-42f1-ac11-173382a60369",
              "isHook": false,
              "skipped": false
            },
            {
              "title": "Adiciona uma despesa e verifica se a despesa foi salva no estado global",
              "fullTitle": "4 - Salve todas as informações do formulário no estado global Adiciona uma despesa e verifica se a despesa foi salva no estado global",
              "timedOut": null,
              "duration": 0,
              "state": "skipped",
              "speed": null,
              "pass": false,
              "fail": false,
              "pending": false,
              "context": null,
              "code": "const expense = {\n  value: '11',\n  currency: 'USD',\n  method: 'Cartão de crédito',\n  tag: 'Lazer',\n  description: 'Onze dólares'\n};\n(0, _helperFunctions.addExpense)(expense);\ncy.window().its('store').invoke('getState').its('wallet.expenses').should('deep.equal', [_objectSpread(_objectSpread({}, expense), {}, {\n  id: 0,\n  exchangeRates: _data.mockData\n})]);",
              "err": {},
              "uuid": "7d229a79-ead7-47fe-9784-c094a135d635",
              "parentUUID": "a9a52a00-0c6d-42f1-ac11-173382a60369",
              "isHook": false,
              "skipped": true
            },
            {
              "title": "Verifica se a API é chamada a cada vez que o botão 'Adicionar despesa' é clicado",
              "fullTitle": "4 - Salve todas as informações do formulário no estado global Verifica se a API é chamada a cada vez que o botão 'Adicionar despesa' é clicado",
              "timedOut": null,
              "duration": 0,
              "state": "skipped",
              "speed": null,
              "pass": false,
              "fail": false,
              "pending": false,
              "context": null,
              "code": "const expense = {\n  value: '11',\n  currency: 'USD',\n  method: 'Cartão de crédito',\n  tag: 'Lazer',\n  description: 'Onze dólares'\n};\ncy.get('@mockFetch').should('be.calledOnce');\n(0, _helperFunctions.addExpense)(expense);\ncy.get('@mockFetch').should('be.calledTwice');\n(0, _helperFunctions.addExpense)(expense);\ncy.get('@mockFetch').should('be.calledThrice');",
              "err": {},
              "uuid": "2b8d9f00-3965-4f38-a70f-a18bf99de84c",
              "parentUUID": "a9a52a00-0c6d-42f1-ac11-173382a60369",
              "isHook": false,
              "skipped": true
            },
            {
              "title": "Adiciona duas despesas e verifica se o estado global e header foram atualizados",
              "fullTitle": "4 - Salve todas as informações do formulário no estado global Adiciona duas despesas e verifica se o estado global e header foram atualizados",
              "timedOut": null,
              "duration": 0,
              "state": "skipped",
              "speed": null,
              "pass": false,
              "fail": false,
              "pending": false,
              "context": null,
              "code": "const firstExpense = {\n  id: 0,\n  value: '11',\n  currency: 'USD',\n  method: 'Cartão de crédito',\n  tag: 'Lazer',\n  description: 'Onze dólares',\n  exchangeRates: _data.mockData\n};\n(0, _helperFunctions.addExpense)(firstExpense);\ncy.window().its('store').invoke('getState').its('wallet.expenses').should('deep.equal', [firstExpense]);\nconst secondExpense = {\n  id: 1,\n  value: '20',\n  currency: 'EUR',\n  method: 'Cartão de débito',\n  tag: 'Trabalho',\n  description: 'Vinte euros',\n  exchangeRates: _data.mockData\n};\n(0, _helperFunctions.addExpense)(secondExpense);\ncy.window().its('store').invoke('getState').its('wallet.expenses').should('deep.equal', [firstExpense, secondExpense]);\ncy.getByTestId(_constants.TOTAL_FIELD_TEST_ID).should('have.text', '154.82');",
              "err": {},
              "uuid": "6a844c24-466d-446d-b42a-53f65825b821",
              "parentUUID": "a9a52a00-0c6d-42f1-ac11-173382a60369",
              "isHook": false,
              "skipped": true
            }
          ],
          "suites": [],
          "passes": [],
          "failures": [
            "0fb81d18-7994-499b-8663-9829f864bec3"
          ],
          "pending": [],
          "skipped": [
            "7d229a79-ead7-47fe-9784-c094a135d635",
            "2b8d9f00-3965-4f38-a70f-a18bf99de84c",
            "6a844c24-466d-446d-b42a-53f65825b821"
          ],
          "duration": 10856,
          "root": false,
          "rootEmpty": false,
          "_timeout": 2000
        }
      ],
      "passes": [],
      "failures": [],
      "pending": [],
      "skipped": [],
      "duration": 0,
      "root": true,
      "rootEmpty": true,
      "_timeout": 2000
    }
  ],
  "meta": {
    "mocha": {
      "version": "7.0.1"
    },
    "mochawesome": {
      "options": {
        "quiet": false,
        "reportFilename": "mochawesome",
        "saveHtml": false,
        "saveJson": true,
        "consoleReporter": "spec",
        "useInlineDiffs": false,
        "code": true
      },
      "version": "7.1.3"
    },
    "marge": {
      "options": {
        "id": "default",
        "reportDir": "cypress/reports",
        "overwrite": false,
        "html": false,
        "json": true
      },
      "version": "6.2.0"
    }
  }
}