{
  "stats": {
    "suites": 1,
    "tests": 1,
    "passes": 0,
    "pending": 0,
    "failures": 1,
    "start": "2022-11-16T16:48:53.944Z",
    "end": "2022-11-16T16:48:57.477Z",
    "duration": 3533,
    "testsRegistered": 1,
    "passPercent": 0,
    "pendingPercent": 0,
    "other": 0,
    "hasOther": false,
    "skipped": 0,
    "hasSkipped": false
  },
  "results": [
    {
      "uuid": "f6d85bdb-df44-4bdc-b3e5-4d43c64d0896",
      "title": "",
      "fullFile": "cypress/e2e/_requirements/07.ExpenseGlobalState.cy.js",
      "file": "cypress/e2e/_requirements/07.ExpenseGlobalState.cy.js",
      "beforeHooks": [],
      "afterHooks": [],
      "tests": [],
      "suites": [
        {
          "uuid": "16e79ff8-778e-4ad8-82dd-7f10757e92a2",
          "title": "7 - Implemente a lógica para que a tabela seja alimentada pelo estado da aplicação",
          "fullFile": "",
          "file": "",
          "beforeHooks": [],
          "afterHooks": [],
          "tests": [
            {
              "title": "A tabela deve ser alimentada pelo estado da aplicação, que estará disponível na chave expenses que vem do reducer wallet.",
              "fullTitle": "7 - Implemente a lógica para que a tabela seja alimentada pelo estado da aplicação A tabela deve ser alimentada pelo estado da aplicação, que estará disponível na chave expenses que vem do reducer wallet.",
              "timedOut": null,
              "duration": 707,
              "state": "failed",
              "speed": null,
              "pass": false,
              "fail": true,
              "pending": false,
              "context": null,
              "code": "const expectedTableRows = [['Dez dólares', 'Trabalho', 'Cartão de débito', '10.00', 'Dólar Americano/Real Brasileiro', '4.75', '47.53', 'Real'], ['Cinco euros', 'Lazer', 'Cartão de crédito', '5.00', 'Euro/Real Brasileiro', '5.13', '25.63', 'Real']];\ncy.get('tbody tr').should('have.length', expectedTableRows.length);\ncy.get('tbody tr').each((row, index) => {\n  cy.wrap(expectedTableRows[index]).each(expectedValue => {\n    cy.get(row).find('td').contains(expectedValue);\n  });\n});",
              "err": {
                "message": "ReferenceError: The following error originated from your application code, not from Cypress.\n\n  > BTN_EDIT is not defined\n\nWhen Cypress detects uncaught errors originating from your application it will automatically fail the current test.\n\nThis behavior is configurable, and you can choose to turn this off by listening to the `uncaught:exception` event.\n\nhttps://on.cypress.io/uncaught-exception-from-application\n\nBecause this error occurred during a `before each` hook we are skipping the remaining tests in the current suite: `7 - Implemente a lógica par...`",
                "estack": "ReferenceError: The following error originated from your application code, not from Cypress.\n\n  > BTN_EDIT is not defined\n\nWhen Cypress detects uncaught errors originating from your application it will automatically fail the current test.\n\nThis behavior is configurable, and you can choose to turn this off by listening to the `uncaught:exception` event.\n\nhttps://on.cypress.io/uncaught-exception-from-application\n\nBecause this error occurred during a `before each` hook we are skipping the remaining tests in the current suite: `7 - Implemente a lógica par...`\n    at wallet (http://localhost:3000/static/js/bundle.js:1432:10)\n    at http://localhost:3000/static/js/bundle.js:44716:24\n    at Array.forEach (<anonymous>)\n    at assertReducerShape (http://localhost:3000/static/js/bundle.js:44714:25)\n    at combineReducers (http://localhost:3000/static/js/bundle.js:44769:5)\n    at ./src/redux/reducers/index.js (http://localhost:3000/static/js/bundle.js:1274:75)\n    at options.factory (http://localhost:3000/static/js/bundle.js:49479:31)\n    at __webpack_require__ (http://localhost:3000/static/js/bundle.js:48924:33)\n    at fn (http://localhost:3000/static/js/bundle.js:49136:21)\n    at ./src/redux/store.js (http://localhost:3000/static/js/bundle.js:1501:73)",
                "diff": null
              },
              "uuid": "f9107629-9d07-4893-9a67-7ea3b95be674",
              "parentUUID": "16e79ff8-778e-4ad8-82dd-7f10757e92a2",
              "isHook": false,
              "skipped": false
            }
          ],
          "suites": [],
          "passes": [],
          "failures": [
            "f9107629-9d07-4893-9a67-7ea3b95be674"
          ],
          "pending": [],
          "skipped": [],
          "duration": 707,
          "root": false,
          "rootEmpty": false,
          "_timeout": 2000
        }
      ],
      "passes": [],
      "failures": [],
      "pending": [],
      "skipped": [],
      "duration": 0,
      "root": true,
      "rootEmpty": true,
      "_timeout": 2000
    }
  ],
  "meta": {
    "mocha": {
      "version": "7.0.1"
    },
    "mochawesome": {
      "options": {
        "quiet": false,
        "reportFilename": "mochawesome",
        "saveHtml": false,
        "saveJson": true,
        "consoleReporter": "spec",
        "useInlineDiffs": false,
        "code": true
      },
      "version": "7.1.3"
    },
    "marge": {
      "options": {
        "id": "default",
        "reportDir": "cypress/reports",
        "overwrite": false,
        "html": false,
        "json": true
      },
      "version": "6.2.0"
    }
  }
}