{
  "stats": {
    "suites": 1,
    "tests": 4,
    "passes": 0,
    "pending": 0,
    "failures": 4,
    "start": "2022-11-01T02:54:51.560Z",
    "end": "2022-11-01T02:55:04.558Z",
    "duration": 12998,
    "testsRegistered": 4,
    "passPercent": 0,
    "pendingPercent": 0,
    "other": 0,
    "hasOther": false,
    "skipped": 0,
    "hasSkipped": false
  },
  "results": [
    {
      "uuid": "a5018875-d0fb-4c2e-8ec1-583d4ac9625f",
      "title": "",
      "fullFile": "cypress/e2e/_requirements/05.TestCoverage.cy.js",
      "file": "cypress/e2e/_requirements/05.TestCoverage.cy.js",
      "beforeHooks": [],
      "afterHooks": [],
      "tests": [],
      "suites": [
        {
          "uuid": "03b4db0f-8990-408a-88dd-59d94dd0243a",
          "title": "5 - Desenvolva testes para atingir 60% de cobertura total da aplicação",
          "fullFile": "",
          "file": "",
          "beforeHooks": [],
          "afterHooks": [],
          "tests": [
            {
              "title": "Cobertura de \"Statements\" total deverá ser maior ou igual a 60.",
              "fullTitle": "5 - Desenvolva testes para atingir 60% de cobertura total da aplicação Cobertura de \"Statements\" total deverá ser maior ou igual a 60.",
              "timedOut": null,
              "duration": 2552,
              "state": "failed",
              "speed": null,
              "pass": false,
              "fail": true,
              "pending": false,
              "context": null,
              "code": "cy.task('getCoverage', (0, _getId.getId)()).its('total.statements.pct', {\n  timeout: 0\n}).should('be.gte', 60.00);",
              "err": {
                "message": "CypressError: `cy.task('getCoverage')` failed with the following error:\n\n> Command failed: npm run test-coverage -- --coverageReporters=\"json-summary\" --testFailureExitCode=0\n\n\nhttps://on.cypress.io/api/task",
                "estack": "CypressError: `cy.task('getCoverage')` failed with the following error:\n\n> Command failed: npm run test-coverage -- --coverageReporters=\"json-summary\" --testFailureExitCode=0\n\n\nhttps://on.cypress.io/api/task\n    at http://localhost:40481/__cypress/runner/cypress_runner.js:160502:78\n    at tryCatcher (http://localhost:40481/__cypress/runner/cypress_runner.js:13012:23)\n    at Promise._settlePromiseFromHandler (http://localhost:40481/__cypress/runner/cypress_runner.js:10947:31)\n    at Promise._settlePromise (http://localhost:40481/__cypress/runner/cypress_runner.js:11004:18)\n    at Promise._settlePromise0 (http://localhost:40481/__cypress/runner/cypress_runner.js:11049:10)\n    at Promise._settlePromises (http://localhost:40481/__cypress/runner/cypress_runner.js:11125:18)\n    at _drainQueueStep (http://localhost:40481/__cypress/runner/cypress_runner.js:7719:12)\n    at _drainQueue (http://localhost:40481/__cypress/runner/cypress_runner.js:7712:9)\n    at ../../node_modules/bluebird/js/release/async.js.Async._drainQueues (http://localhost:40481/__cypress/runner/cypress_runner.js:7728:5)\n    at Async.drainQueues (http://localhost:40481/__cypress/runner/cypress_runner.js:7598:14)\nFrom Your Spec Code:\n    at Context.eval (http://localhost:40481/__cypress/tests?p=cypress/e2e/_requirements/05.TestCoverage.cy.js:103:8)\n\nFrom Node.js Internals:\n  Error: Command failed: npm run test-coverage -- --coverageReporters=\"json-summary\" --testFailureExitCode=0\n  \n      at ChildProcess.exithandler (node:child_process:398:12)\n      at ChildProcess.emit (node:events:527:28)\n      at ChildProcess.emit (node:domain:475:12)\n      at maybeClose (node:internal/child_process:1092:16)\n      at Process.ChildProcess._handle.onexit (node:internal/child_process:302:5)",
                "diff": null
              },
              "uuid": "d4d3ba41-eae7-4bf9-9072-999bed176f55",
              "parentUUID": "03b4db0f-8990-408a-88dd-59d94dd0243a",
              "isHook": false,
              "skipped": false
            },
            {
              "title": "Cobertura de \"Functions\" total deverá ser maior ou igual a 60.",
              "fullTitle": "5 - Desenvolva testes para atingir 60% de cobertura total da aplicação Cobertura de \"Functions\" total deverá ser maior ou igual a 60.",
              "timedOut": null,
              "duration": 3294,
              "state": "failed",
              "speed": null,
              "pass": false,
              "fail": true,
              "pending": false,
              "context": null,
              "code": "cy.task('getCoverage', (0, _getId.getId)()).its('total.functions.pct', {\n  timeout: 0\n}).should('be.gte', 60.00);",
              "err": {
                "message": "CypressError: `cy.task('getCoverage')` failed with the following error:\n\n> Command failed: npm run test-coverage -- --coverageReporters=\"json-summary\" --testFailureExitCode=0\n\n\nhttps://on.cypress.io/api/task",
                "estack": "CypressError: `cy.task('getCoverage')` failed with the following error:\n\n> Command failed: npm run test-coverage -- --coverageReporters=\"json-summary\" --testFailureExitCode=0\n\n\nhttps://on.cypress.io/api/task\n    at http://localhost:40481/__cypress/runner/cypress_runner.js:160502:78\n    at tryCatcher (http://localhost:40481/__cypress/runner/cypress_runner.js:13012:23)\n    at Promise._settlePromiseFromHandler (http://localhost:40481/__cypress/runner/cypress_runner.js:10947:31)\n    at Promise._settlePromise (http://localhost:40481/__cypress/runner/cypress_runner.js:11004:18)\n    at Promise._settlePromise0 (http://localhost:40481/__cypress/runner/cypress_runner.js:11049:10)\n    at Promise._settlePromises (http://localhost:40481/__cypress/runner/cypress_runner.js:11125:18)\n    at _drainQueueStep (http://localhost:40481/__cypress/runner/cypress_runner.js:7719:12)\n    at _drainQueue (http://localhost:40481/__cypress/runner/cypress_runner.js:7712:9)\n    at ../../node_modules/bluebird/js/release/async.js.Async._drainQueues (http://localhost:40481/__cypress/runner/cypress_runner.js:7728:5)\n    at Async.drainQueues (http://localhost:40481/__cypress/runner/cypress_runner.js:7598:14)\nFrom Your Spec Code:\n    at Context.eval (http://localhost:40481/__cypress/tests?p=cypress/e2e/_requirements/05.TestCoverage.cy.js:108:8)\n\nFrom Node.js Internals:\n  Error: Command failed: npm run test-coverage -- --coverageReporters=\"json-summary\" --testFailureExitCode=0\n  \n      at ChildProcess.exithandler (node:child_process:398:12)\n      at ChildProcess.emit (node:events:527:28)\n      at ChildProcess.emit (node:domain:475:12)\n      at maybeClose (node:internal/child_process:1092:16)\n      at Process.ChildProcess._handle.onexit (node:internal/child_process:302:5)",
                "diff": null
              },
              "uuid": "740d12f6-3a74-4959-9cb7-c97be7737993",
              "parentUUID": "03b4db0f-8990-408a-88dd-59d94dd0243a",
              "isHook": false,
              "skipped": false
            },
            {
              "title": "Cobertura de \"Branches\" total deverá ser maior ou igual a 60.",
              "fullTitle": "5 - Desenvolva testes para atingir 60% de cobertura total da aplicação Cobertura de \"Branches\" total deverá ser maior ou igual a 60.",
              "timedOut": null,
              "duration": 3666,
              "state": "failed",
              "speed": null,
              "pass": false,
              "fail": true,
              "pending": false,
              "context": null,
              "code": "cy.task('getCoverage', (0, _getId.getId)()).its('total.branches.pct', {\n  timeout: 0\n}).should('be.gte', 60.00);",
              "err": {
                "message": "CypressError: `cy.task('getCoverage')` failed with the following error:\n\n> Command failed: npm run test-coverage -- --coverageReporters=\"json-summary\" --testFailureExitCode=0\n\n\nhttps://on.cypress.io/api/task",
                "estack": "CypressError: `cy.task('getCoverage')` failed with the following error:\n\n> Command failed: npm run test-coverage -- --coverageReporters=\"json-summary\" --testFailureExitCode=0\n\n\nhttps://on.cypress.io/api/task\n    at http://localhost:40481/__cypress/runner/cypress_runner.js:160502:78\n    at tryCatcher (http://localhost:40481/__cypress/runner/cypress_runner.js:13012:23)\n    at Promise._settlePromiseFromHandler (http://localhost:40481/__cypress/runner/cypress_runner.js:10947:31)\n    at Promise._settlePromise (http://localhost:40481/__cypress/runner/cypress_runner.js:11004:18)\n    at Promise._settlePromise0 (http://localhost:40481/__cypress/runner/cypress_runner.js:11049:10)\n    at Promise._settlePromises (http://localhost:40481/__cypress/runner/cypress_runner.js:11125:18)\n    at _drainQueueStep (http://localhost:40481/__cypress/runner/cypress_runner.js:7719:12)\n    at _drainQueue (http://localhost:40481/__cypress/runner/cypress_runner.js:7712:9)\n    at ../../node_modules/bluebird/js/release/async.js.Async._drainQueues (http://localhost:40481/__cypress/runner/cypress_runner.js:7728:5)\n    at Async.drainQueues (http://localhost:40481/__cypress/runner/cypress_runner.js:7598:14)\nFrom Your Spec Code:\n    at Context.eval (http://localhost:40481/__cypress/tests?p=cypress/e2e/_requirements/05.TestCoverage.cy.js:113:8)\n\nFrom Node.js Internals:\n  Error: Command failed: npm run test-coverage -- --coverageReporters=\"json-summary\" --testFailureExitCode=0\n  \n      at ChildProcess.exithandler (node:child_process:398:12)\n      at ChildProcess.emit (node:events:527:28)\n      at ChildProcess.emit (node:domain:475:12)\n      at maybeClose (node:internal/child_process:1092:16)\n      at Socket.<anonymous> (node:internal/child_process:451:11)\n      at Socket.emit (node:events:527:28)\n      at Socket.emit (node:domain:475:12)\n      at Pipe.<anonymous> (node:net:709:12)",
                "diff": null
              },
              "uuid": "db0cd718-a3c7-4d69-abb6-565863f0866e",
              "parentUUID": "03b4db0f-8990-408a-88dd-59d94dd0243a",
              "isHook": false,
              "skipped": false
            },
            {
              "title": "Cobertura de \"Lines\" total deverá ser maior ou igual a 60.",
              "fullTitle": "5 - Desenvolva testes para atingir 60% de cobertura total da aplicação Cobertura de \"Lines\" total deverá ser maior ou igual a 60.",
              "timedOut": null,
              "duration": 3049,
              "state": "failed",
              "speed": null,
              "pass": false,
              "fail": true,
              "pending": false,
              "context": null,
              "code": "cy.task('getCoverage', (0, _getId.getId)()).its('total.lines.pct', {\n  timeout: 0\n}).should('be.gte', 60.00);",
              "err": {
                "message": "CypressError: `cy.task('getCoverage')` failed with the following error:\n\n> Command failed: npm run test-coverage -- --coverageReporters=\"json-summary\" --testFailureExitCode=0\n\n\nhttps://on.cypress.io/api/task",
                "estack": "CypressError: `cy.task('getCoverage')` failed with the following error:\n\n> Command failed: npm run test-coverage -- --coverageReporters=\"json-summary\" --testFailureExitCode=0\n\n\nhttps://on.cypress.io/api/task\n    at http://localhost:40481/__cypress/runner/cypress_runner.js:160502:78\n    at tryCatcher (http://localhost:40481/__cypress/runner/cypress_runner.js:13012:23)\n    at Promise._settlePromiseFromHandler (http://localhost:40481/__cypress/runner/cypress_runner.js:10947:31)\n    at Promise._settlePromise (http://localhost:40481/__cypress/runner/cypress_runner.js:11004:18)\n    at Promise._settlePromise0 (http://localhost:40481/__cypress/runner/cypress_runner.js:11049:10)\n    at Promise._settlePromises (http://localhost:40481/__cypress/runner/cypress_runner.js:11125:18)\n    at _drainQueueStep (http://localhost:40481/__cypress/runner/cypress_runner.js:7719:12)\n    at _drainQueue (http://localhost:40481/__cypress/runner/cypress_runner.js:7712:9)\n    at ../../node_modules/bluebird/js/release/async.js.Async._drainQueues (http://localhost:40481/__cypress/runner/cypress_runner.js:7728:5)\n    at Async.drainQueues (http://localhost:40481/__cypress/runner/cypress_runner.js:7598:14)\nFrom Your Spec Code:\n    at Context.eval (http://localhost:40481/__cypress/tests?p=cypress/e2e/_requirements/05.TestCoverage.cy.js:118:8)\n\nFrom Node.js Internals:\n  Error: Command failed: npm run test-coverage -- --coverageReporters=\"json-summary\" --testFailureExitCode=0\n  \n      at ChildProcess.exithandler (node:child_process:398:12)\n      at ChildProcess.emit (node:events:527:28)\n      at ChildProcess.emit (node:domain:475:12)\n      at maybeClose (node:internal/child_process:1092:16)\n      at Socket.<anonymous> (node:internal/child_process:451:11)\n      at Socket.emit (node:events:527:28)\n      at Socket.emit (node:domain:475:12)\n      at Pipe.<anonymous> (node:net:709:12)",
                "diff": null
              },
              "uuid": "a22dee44-acbc-4ed1-81b1-affcf8d57cef",
              "parentUUID": "03b4db0f-8990-408a-88dd-59d94dd0243a",
              "isHook": false,
              "skipped": false
            }
          ],
          "suites": [],
          "passes": [],
          "failures": [
            "d4d3ba41-eae7-4bf9-9072-999bed176f55",
            "740d12f6-3a74-4959-9cb7-c97be7737993",
            "db0cd718-a3c7-4d69-abb6-565863f0866e",
            "a22dee44-acbc-4ed1-81b1-affcf8d57cef"
          ],
          "pending": [],
          "skipped": [],
          "duration": 12561,
          "root": false,
          "rootEmpty": false,
          "_timeout": 2000
        }
      ],
      "passes": [],
      "failures": [],
      "pending": [],
      "skipped": [],
      "duration": 0,
      "root": true,
      "rootEmpty": true,
      "_timeout": 2000
    }
  ],
  "meta": {
    "mocha": {
      "version": "7.0.1"
    },
    "mochawesome": {
      "options": {
        "quiet": false,
        "reportFilename": "mochawesome",
        "saveHtml": false,
        "saveJson": true,
        "consoleReporter": "spec",
        "useInlineDiffs": false,
        "code": true
      },
      "version": "7.1.3"
    },
    "marge": {
      "options": {
        "id": "default",
        "reportDir": "cypress/reports",
        "overwrite": false,
        "html": false,
        "json": true
      },
      "version": "6.2.0"
    }
  }
}