<?xml version="1.0" encoding="UTF-8"?>
<coverage generated="1672096344823" clover="3.2.0">
  <project timestamp="1672096344823" name="All files">
    <metrics statements="122" coveredstatements="122" conditionals="23" coveredconditionals="21" methods="49" coveredmethods="49" elements="194" coveredelements="192" complexity="0" loc="122" ncloc="122" packages="5" files="10" classes="10"/>
    <package name="src">
      <metrics statements="1" coveredstatements="1" conditionals="0" coveredconditionals="0" methods="1" coveredmethods="1"/>
      <file name="App.js" path="/home/priscila/Documentos/sd-025-b-project-trybewallet/src/App.js">
        <metrics statements="1" coveredstatements="1" conditionals="0" coveredconditionals="0" methods="1" coveredmethods="1"/>
        <line num="9" count="1" type="stmt"/>
      </file>
    </package>
    <package name="src.components">
      <metrics statements="49" coveredstatements="49" conditionals="6" coveredconditionals="5" methods="18" coveredmethods="18"/>
      <file name="Header.js" path="/home/priscila/Documentos/sd-025-b-project-trybewallet/src/components/Header.js">
        <metrics statements="13" coveredstatements="13" conditionals="4" coveredconditionals="3" methods="4" coveredmethods="4"/>
        <line num="6" count="17" type="stmt"/>
        <line num="7" count="8" type="stmt"/>
        <line num="8" count="8" type="cond" truecount="1" falsecount="1"/>
        <line num="9" count="8" type="stmt"/>
        <line num="10" count="8" type="stmt"/>
        <line num="11" count="8" type="stmt"/>
        <line num="12" count="8" type="stmt"/>
        <line num="13" count="8" type="stmt"/>
        <line num="15" count="8" type="stmt"/>
        <line num="20" count="27" type="stmt"/>
        <line num="21" count="27" type="stmt"/>
        <line num="38" count="6" type="stmt"/>
        <line num="43" count="59" type="stmt"/>
      </file>
      <file name="Table.js" path="/home/priscila/Documentos/sd-025-b-project-trybewallet/src/components/Table.js">
        <metrics statements="12" coveredstatements="12" conditionals="0" coveredconditionals="0" methods="6" coveredmethods="6"/>
        <line num="7" count="18" type="stmt"/>
        <line num="8" count="2" type="stmt"/>
        <line num="9" count="2" type="stmt"/>
        <line num="10" count="2" type="stmt"/>
        <line num="13" count="18" type="stmt"/>
        <line num="14" count="2" type="stmt"/>
        <line num="15" count="2" type="stmt"/>
        <line num="19" count="28" type="stmt"/>
        <line num="20" count="28" type="stmt"/>
        <line num="38" count="8" type="stmt"/>
        <line num="80" count="7" type="stmt"/>
        <line num="85" count="60" type="stmt"/>
      </file>
      <file name="WalletForm.js" path="/home/priscila/Documentos/sd-025-b-project-trybewallet/src/components/WalletForm.js">
        <metrics statements="24" coveredstatements="24" conditionals="2" coveredconditionals="2" methods="8" coveredmethods="8"/>
        <line num="7" count="17" type="stmt"/>
        <line num="16" count="17" type="stmt"/>
        <line num="17" count="17" type="stmt"/>
        <line num="20" count="17" type="stmt"/>
        <line num="21" count="10" type="stmt"/>
        <line num="30" count="17" type="stmt"/>
        <line num="31" count="145" type="stmt"/>
        <line num="32" count="145" type="stmt"/>
        <line num="35" count="17" type="stmt"/>
        <line num="36" count="9" type="stmt"/>
        <line num="37" count="9" type="stmt"/>
        <line num="38" count="9" type="stmt"/>
        <line num="41" count="17" type="stmt"/>
        <line num="42" count="1" type="stmt"/>
        <line num="43" count="1" type="stmt"/>
        <line num="44" count="1" type="stmt"/>
        <line num="52" count="1" type="stmt"/>
        <line num="53" count="1" type="stmt"/>
        <line num="57" count="187" type="stmt"/>
        <line num="58" count="187" type="stmt"/>
        <line num="59" count="187" type="stmt"/>
        <line num="79" count="435" type="stmt"/>
        <line num="142" count="6" type="stmt"/>
        <line num="149" count="59" type="stmt"/>
      </file>
    </package>
    <package name="src.pages">
      <metrics statements="23" coveredstatements="23" conditionals="4" coveredconditionals="4" methods="7" coveredmethods="7"/>
      <file name="Login.js" path="/home/priscila/Documentos/sd-025-b-project-trybewallet/src/pages/Login.js">
        <metrics statements="22" coveredstatements="22" conditionals="4" coveredconditionals="4" methods="6" coveredmethods="6"/>
        <line num="9" count="6" type="stmt"/>
        <line num="15" count="6" type="stmt"/>
        <line num="16" count="1" type="stmt"/>
        <line num="17" count="1" type="stmt"/>
        <line num="18" count="1" type="stmt"/>
        <line num="19" count="1" type="stmt"/>
        <line num="20" count="1" type="stmt"/>
        <line num="23" count="6" type="stmt"/>
        <line num="24" count="126" type="stmt"/>
        <line num="25" count="126" type="stmt"/>
        <line num="26" count="126" type="stmt"/>
        <line num="27" count="126" type="stmt"/>
        <line num="28" count="126" type="cond" truecount="4" falsecount="0"/>
        <line num="29" count="1" type="stmt"/>
        <line num="31" count="125" type="stmt"/>
        <line num="35" count="6" type="stmt"/>
        <line num="36" count="126" type="stmt"/>
        <line num="37" count="126" type="stmt"/>
        <line num="41" count="258" type="stmt"/>
        <line num="42" count="258" type="stmt"/>
        <line num="47" count="1" type="stmt"/>
        <line num="90" count="1" type="stmt"/>
      </file>
      <file name="Wallet.js" path="/home/priscila/Documentos/sd-025-b-project-trybewallet/src/pages/Wallet.js">
        <metrics statements="1" coveredstatements="1" conditionals="0" coveredconditionals="0" methods="1" coveredmethods="1"/>
        <line num="9" count="18" type="stmt"/>
      </file>
    </package>
    <package name="src.redux.actions">
      <metrics statements="31" coveredstatements="31" conditionals="0" coveredconditionals="0" methods="19" coveredmethods="19"/>
      <file name="index.js" path="/home/priscila/Documentos/sd-025-b-project-trybewallet/src/redux/actions/index.js">
        <metrics statements="31" coveredstatements="31" conditionals="0" coveredconditionals="0" methods="19" coveredmethods="19"/>
        <line num="1" count="7" type="stmt"/>
        <line num="2" count="7" type="stmt"/>
        <line num="3" count="7" type="stmt"/>
        <line num="4" count="7" type="stmt"/>
        <line num="5" count="7" type="stmt"/>
        <line num="6" count="7" type="stmt"/>
        <line num="7" count="7" type="stmt"/>
        <line num="8" count="7" type="stmt"/>
        <line num="10" count="7" type="stmt"/>
        <line num="12" count="7" type="stmt"/>
        <line num="17" count="27" type="stmt"/>
        <line num="21" count="7" type="stmt"/>
        <line num="26" count="7" type="stmt"/>
        <line num="34" count="7" type="stmt"/>
        <line num="39" count="7" type="stmt"/>
        <line num="44" count="7" type="stmt"/>
        <line num="53" count="17" type="stmt"/>
        <line num="54" count="17" type="stmt"/>
        <line num="55" count="17" type="stmt"/>
        <line num="56" count="7" type="stmt"/>
        <line num="57" count="5" type="stmt"/>
        <line num="62" count="9" type="stmt"/>
        <line num="63" count="9" type="stmt"/>
        <line num="64" count="9" type="stmt"/>
        <line num="65" count="7" type="stmt"/>
        <line num="66" count="7" type="stmt"/>
        <line num="71" count="1" type="stmt"/>
        <line num="72" count="1" type="stmt"/>
        <line num="73" count="1" type="stmt"/>
        <line num="74" count="1" type="stmt"/>
        <line num="75" count="1" type="stmt"/>
      </file>
    </package>
    <package name="src.redux.reducers">
      <metrics statements="18" coveredstatements="18" conditionals="13" coveredconditionals="12" methods="4" coveredmethods="4"/>
      <file name="index.js" path="/home/priscila/Documentos/sd-025-b-project-trybewallet/src/redux/reducers/index.js">
        <metrics statements="1" coveredstatements="1" conditionals="0" coveredconditionals="0" methods="0" coveredmethods="0"/>
        <line num="5" count="7" type="stmt"/>
      </file>
      <file name="user.js" path="/home/priscila/Documentos/sd-025-b-project-trybewallet/src/redux/reducers/user.js">
        <metrics statements="5" coveredstatements="5" conditionals="3" coveredconditionals="3" methods="1" coveredmethods="1"/>
        <line num="3" count="7" type="stmt"/>
        <line num="7" count="7" type="cond" truecount="1" falsecount="0"/>
        <line num="8" count="82" type="cond" truecount="2" falsecount="0"/>
        <line num="10" count="1" type="stmt"/>
        <line num="12" count="81" type="stmt"/>
      </file>
      <file name="wallet.js" path="/home/priscila/Documentos/sd-025-b-project-trybewallet/src/redux/reducers/wallet.js">
        <metrics statements="12" coveredstatements="12" conditionals="10" coveredconditionals="9" methods="3" coveredmethods="3"/>
        <line num="10" count="7" type="stmt"/>
        <line num="17" count="7" type="cond" truecount="1" falsecount="0"/>
        <line num="18" count="82" type="cond" truecount="7" falsecount="0"/>
        <line num="20" count="27" type="stmt"/>
        <line num="22" count="5" type="stmt"/>
        <line num="24" count="80" type="stmt"/>
        <line num="27" count="7" type="stmt"/>
        <line num="40" count="2" type="stmt"/>
        <line num="45" count="2" type="stmt"/>
        <line num="51" count="1" type="stmt"/>
        <line num="55" count="1" type="cond" truecount="1" falsecount="1"/>
        <line num="66" count="38" type="stmt"/>
      </file>
    </package>
  </project>
</coverage>
