{"/home/priscila/Documentos/sd-025-b-project-trybewallet/src/App.js": {"path":"/home/priscila/Documentos/sd-025-b-project-trybewallet/src/App.js","statementMap":{"0":{"start":{"line":9,"column":4},"end":{"line":16,"column":6}}},"fnMap":{"0":{"name":"(anonymous_0)","decl":{"start":{"line":8,"column":2},"end":{"line":8,"column":3}},"loc":{"start":{"line":8,"column":11},"end":{"line":17,"column":3}},"line":8}},"branchMap":{},"s":{"0":1},"f":{"0":1},"b":{},"_coverageSchema":"1a1c01bbd47fc00a2c39e90264f33305004495a9","hash":"cc07832c9e73802b4aeb2f16b7ce796f46a6a1b2"}
,"/home/priscila/Documentos/sd-025-b-project-trybewallet/src/components/Header.js": {"path":"/home/priscila/Documentos/sd-025-b-project-trybewallet/src/components/Header.js","statementMap":{"0":{"start":{"line":6,"column":8},"end":{"line":17,"column":3}},"1":{"start":{"line":7,"column":25},"end":{"line":7,"column":35}},"2":{"start":{"line":8,"column":4},"end":{"line":16,"column":5}},"3":{"start":{"line":9,"column":29},"end":{"line":14,"column":11}},"4":{"start":{"line":10,"column":51},"end":{"line":10,"column":55}},"5":{"start":{"line":11,"column":24},"end":{"line":11,"column":47}},"6":{"start":{"line":12,"column":8},"end":{"line":12,"column":27}},"7":{"start":{"line":13,"column":8},"end":{"line":13,"column":19}},"8":{"start":{"line":15,"column":6},"end":{"line":15,"column":51}},"9":{"start":{"line":20,"column":32},"end":{"line":20,"column":42}},"10":{"start":{"line":21,"column":4},"end":{"line":34,"column":6}},"11":{"start":{"line":38,"column":0},"end":{"line":41,"column":2}},"12":{"start":{"line":43,"column":24},"end":{"line":46,"column":2}},"13":{"start":{"line":43,"column":47},"end":{"line":46,"column":1}}},"fnMap":{"0":{"name":"(anonymous_0)","decl":{"start":{"line":6,"column":8},"end":{"line":6,"column":9}},"loc":{"start":{"line":6,"column":14},"end":{"line":17,"column":3}},"line":6},"1":{"name":"(anonymous_1)","decl":{"start":{"line":9,"column":45},"end":{"line":9,"column":46}},"loc":{"start":{"line":9,"column":60},"end":{"line":14,"column":7}},"line":9},"2":{"name":"(anonymous_2)","decl":{"start":{"line":19,"column":2},"end":{"line":19,"column":3}},"loc":{"start":{"line":19,"column":11},"end":{"line":35,"column":3}},"line":19},"3":{"name":"(anonymous_3)","decl":{"start":{"line":43,"column":24},"end":{"line":43,"column":25}},"loc":{"start":{"line":43,"column":47},"end":{"line":46,"column":1}},"line":43}},"branchMap":{"0":{"loc":{"start":{"line":8,"column":4},"end":{"line":16,"column":5}},"type":"if","locations":[{"start":{"line":8,"column":4},"end":{"line":16,"column":5}},{"start":{},"end":{}}],"line":8},"1":{"loc":{"start":{"line":28,"column":11},"end":{"line":28,"column":52}},"type":"cond-expr","locations":[{"start":{"line":28,"column":33},"end":{"line":28,"column":43}},{"start":{"line":28,"column":46},"end":{"line":28,"column":52}}],"line":28}},"s":{"0":17,"1":8,"2":8,"3":8,"4":8,"5":8,"6":8,"7":8,"8":8,"9":27,"10":27,"11":6,"12":6,"13":59},"f":{"0":8,"1":8,"2":27,"3":59},"b":{"0":[8,0],"1":[8,19]},"_coverageSchema":"1a1c01bbd47fc00a2c39e90264f33305004495a9","hash":"49076424f3c2601f638cdeb2e35f71c3de9ac508"}
,"/home/priscila/Documentos/sd-025-b-project-trybewallet/src/components/Table.js": {"path":"/home/priscila/Documentos/sd-025-b-project-trybewallet/src/components/Table.js","statementMap":{"0":{"start":{"line":7,"column":18},"end":{"line":11,"column":3}},"1":{"start":{"line":8,"column":35},"end":{"line":8,"column":45}},"2":{"start":{"line":9,"column":20},"end":{"line":9,"column":82}},"3":{"start":{"line":9,"column":49},"end":{"line":9,"column":81}},"4":{"start":{"line":10,"column":4},"end":{"line":10,"column":33}},"5":{"start":{"line":13,"column":22},"end":{"line":16,"column":3}},"6":{"start":{"line":14,"column":25},"end":{"line":14,"column":35}},"7":{"start":{"line":15,"column":4},"end":{"line":15,"column":41}},"8":{"start":{"line":19,"column":25},"end":{"line":19,"column":35}},"9":{"start":{"line":20,"column":4},"end":{"line":76,"column":6}},"10":{"start":{"line":38,"column":14},"end":{"line":71,"column":19}},"11":{"start":{"line":80,"column":0},"end":{"line":83,"column":2}},"12":{"start":{"line":85,"column":24},"end":{"line":87,"column":2}},"13":{"start":{"line":85,"column":41},"end":{"line":87,"column":1}}},"fnMap":{"0":{"name":"(anonymous_0)","decl":{"start":{"line":7,"column":18},"end":{"line":7,"column":19}},"loc":{"start":{"line":7,"column":40},"end":{"line":11,"column":3}},"line":7},"1":{"name":"(anonymous_1)","decl":{"start":{"line":9,"column":36},"end":{"line":9,"column":37}},"loc":{"start":{"line":9,"column":49},"end":{"line":9,"column":81}},"line":9},"2":{"name":"(anonymous_2)","decl":{"start":{"line":13,"column":22},"end":{"line":13,"column":23}},"loc":{"start":{"line":13,"column":44},"end":{"line":16,"column":3}},"line":13},"3":{"name":"(anonymous_3)","decl":{"start":{"line":18,"column":2},"end":{"line":18,"column":3}},"loc":{"start":{"line":18,"column":11},"end":{"line":77,"column":3}},"line":18},"4":{"name":"(anonymous_4)","decl":{"start":{"line":37,"column":26},"end":{"line":37,"column":27}},"loc":{"start":{"line":38,"column":14},"end":{"line":71,"column":19}},"line":38},"5":{"name":"(anonymous_5)","decl":{"start":{"line":85,"column":24},"end":{"line":85,"column":25}},"loc":{"start":{"line":85,"column":41},"end":{"line":87,"column":1}},"line":85}},"branchMap":{},"s":{"0":18,"1":2,"2":2,"3":2,"4":2,"5":18,"6":2,"7":2,"8":28,"9":28,"10":8,"11":7,"12":7,"13":60},"f":{"0":2,"1":2,"2":2,"3":28,"4":8,"5":60},"b":{},"_coverageSchema":"1a1c01bbd47fc00a2c39e90264f33305004495a9","hash":"0a4a81285efe0f5bb924957ea6bee82c95aa1d3d"}
,"/home/priscila/Documentos/sd-025-b-project-trybewallet/src/components/WalletForm.js": {"path":"/home/priscila/Documentos/sd-025-b-project-trybewallet/src/components/WalletForm.js","statementMap":{"0":{"start":{"line":7,"column":10},"end":{"line":13,"column":3}},"1":{"start":{"line":16,"column":25},"end":{"line":16,"column":35}},"2":{"start":{"line":17,"column":4},"end":{"line":17,"column":30}},"3":{"start":{"line":20,"column":17},"end":{"line":28,"column":3}},"4":{"start":{"line":21,"column":4},"end":{"line":27,"column":7}},"5":{"start":{"line":30,"column":18},"end":{"line":33,"column":3}},"6":{"start":{"line":31,"column":28},"end":{"line":31,"column":34}},"7":{"start":{"line":32,"column":4},"end":{"line":32,"column":37}},"8":{"start":{"line":35,"column":18},"end":{"line":39,"column":3}},"9":{"start":{"line":36,"column":25},"end":{"line":36,"column":35}},"10":{"start":{"line":37,"column":4},"end":{"line":37,"column":44}},"11":{"start":{"line":38,"column":4},"end":{"line":38,"column":24}},"12":{"start":{"line":41,"column":22},"end":{"line":54,"column":3}},"13":{"start":{"line":42,"column":35},"end":{"line":42,"column":45}},"14":{"start":{"line":43,"column":58},"end":{"line":43,"column":68}},"15":{"start":{"line":44,"column":21},"end":{"line":51,"column":5}},"16":{"start":{"line":52,"column":4},"end":{"line":52,"column":41}},"17":{"start":{"line":53,"column":4},"end":{"line":53,"column":24}},"18":{"start":{"line":57,"column":58},"end":{"line":57,"column":68}},"19":{"start":{"line":58,"column":35},"end":{"line":58,"column":45}},"20":{"start":{"line":59,"column":4},"end":{"line":138,"column":6}},"21":{"start":{"line":79,"column":12},"end":{"line":84,"column":21}},"22":{"start":{"line":142,"column":0},"end":{"line":147,"column":2}},"23":{"start":{"line":149,"column":24},"end":{"line":154,"column":2}},"24":{"start":{"line":149,"column":41},"end":{"line":154,"column":1}}},"fnMap":{"0":{"name":"(anonymous_0)","decl":{"start":{"line":15,"column":2},"end":{"line":15,"column":3}},"loc":{"start":{"line":15,"column":22},"end":{"line":18,"column":3}},"line":15},"1":{"name":"(anonymous_1)","decl":{"start":{"line":20,"column":17},"end":{"line":20,"column":18}},"loc":{"start":{"line":20,"column":23},"end":{"line":28,"column":3}},"line":20},"2":{"name":"(anonymous_2)","decl":{"start":{"line":30,"column":18},"end":{"line":30,"column":19}},"loc":{"start":{"line":30,"column":34},"end":{"line":33,"column":3}},"line":30},"3":{"name":"(anonymous_3)","decl":{"start":{"line":35,"column":18},"end":{"line":35,"column":19}},"loc":{"start":{"line":35,"column":24},"end":{"line":39,"column":3}},"line":35},"4":{"name":"(anonymous_4)","decl":{"start":{"line":41,"column":22},"end":{"line":41,"column":23}},"loc":{"start":{"line":41,"column":28},"end":{"line":54,"column":3}},"line":41},"5":{"name":"(anonymous_5)","decl":{"start":{"line":56,"column":2},"end":{"line":56,"column":3}},"loc":{"start":{"line":56,"column":11},"end":{"line":139,"column":3}},"line":56},"6":{"name":"(anonymous_6)","decl":{"start":{"line":78,"column":26},"end":{"line":78,"column":27}},"loc":{"start":{"line":79,"column":12},"end":{"line":84,"column":21}},"line":79},"7":{"name":"(anonymous_7)","decl":{"start":{"line":149,"column":24},"end":{"line":149,"column":25}},"loc":{"start":{"line":149,"column":41},"end":{"line":154,"column":1}},"line":149}},"branchMap":{"0":{"loc":{"start":{"line":122,"column":9},"end":{"line":136,"column":11}},"type":"cond-expr","locations":[{"start":{"line":123,"column":10},"end":{"line":128,"column":19}},{"start":{"line":130,"column":12},"end":{"line":135,"column":21}}],"line":122}},"s":{"0":17,"1":17,"2":17,"3":17,"4":10,"5":17,"6":145,"7":145,"8":17,"9":9,"10":9,"11":9,"12":17,"13":1,"14":1,"15":1,"16":1,"17":1,"18":187,"19":187,"20":187,"21":435,"22":6,"23":6,"24":59},"f":{"0":17,"1":10,"2":145,"3":9,"4":1,"5":187,"6":435,"7":59},"b":{"0":[22,165]},"_coverageSchema":"1a1c01bbd47fc00a2c39e90264f33305004495a9","hash":"6116cd296488e58379f34461e47cf2dbc280ad69"}
,"/home/priscila/Documentos/sd-025-b-project-trybewallet/src/pages/Login.js": {"path":"/home/priscila/Documentos/sd-025-b-project-trybewallet/src/pages/Login.js","statementMap":{"0":{"start":{"line":9,"column":10},"end":{"line":13,"column":3}},"1":{"start":{"line":15,"column":17},"end":{"line":21,"column":3}},"2":{"start":{"line":16,"column":4},"end":{"line":16,"column":27}},"3":{"start":{"line":17,"column":22},"end":{"line":17,"column":32}},"4":{"start":{"line":18,"column":34},"end":{"line":18,"column":44}},"5":{"start":{"line":19,"column":4},"end":{"line":19,"column":32}},"6":{"start":{"line":20,"column":4},"end":{"line":20,"column":30}},"7":{"start":{"line":23,"column":15},"end":{"line":33,"column":3}},"8":{"start":{"line":24,"column":32},"end":{"line":24,"column":42}},"9":{"start":{"line":25,"column":22},"end":{"line":25,"column":23}},"10":{"start":{"line":26,"column":18},"end":{"line":26,"column":67}},"11":{"start":{"line":27,"column":24},"end":{"line":27,"column":41}},"12":{"start":{"line":28,"column":4},"end":{"line":32,"column":5}},"13":{"start":{"line":29,"column":6},"end":{"line":29,"column":53}},"14":{"start":{"line":31,"column":6},"end":{"line":31,"column":52}},"15":{"start":{"line":35,"column":18},"end":{"line":38,"column":3}},"16":{"start":{"line":36,"column":28},"end":{"line":36,"column":34}},"17":{"start":{"line":37,"column":4},"end":{"line":37,"column":67}},"18":{"start":{"line":37,"column":45},"end":{"line":37,"column":63}},"19":{"start":{"line":41,"column":54},"end":{"line":41,"column":64}},"20":{"start":{"line":42,"column":4},"end":{"line":86,"column":6}},"21":{"start":{"line":47,"column":34},"end":{"line":47,"column":58}},"22":{"start":{"line":90,"column":0},"end":{"line":95,"column":2}}},"fnMap":{"0":{"name":"(anonymous_0)","decl":{"start":{"line":15,"column":17},"end":{"line":15,"column":18}},"loc":{"start":{"line":15,"column":28},"end":{"line":21,"column":3}},"line":15},"1":{"name":"(anonymous_1)","decl":{"start":{"line":23,"column":15},"end":{"line":23,"column":16}},"loc":{"start":{"line":23,"column":21},"end":{"line":33,"column":3}},"line":23},"2":{"name":"(anonymous_2)","decl":{"start":{"line":35,"column":18},"end":{"line":35,"column":19}},"loc":{"start":{"line":35,"column":34},"end":{"line":38,"column":3}},"line":35},"3":{"name":"(anonymous_3)","decl":{"start":{"line":37,"column":37},"end":{"line":37,"column":38}},"loc":{"start":{"line":37,"column":43},"end":{"line":37,"column":65}},"line":37},"4":{"name":"(anonymous_4)","decl":{"start":{"line":40,"column":2},"end":{"line":40,"column":3}},"loc":{"start":{"line":40,"column":11},"end":{"line":87,"column":3}},"line":40},"5":{"name":"(anonymous_5)","decl":{"start":{"line":47,"column":23},"end":{"line":47,"column":24}},"loc":{"start":{"line":47,"column":34},"end":{"line":47,"column":58}},"line":47}},"branchMap":{"0":{"loc":{"start":{"line":28,"column":4},"end":{"line":32,"column":5}},"type":"if","locations":[{"start":{"line":28,"column":4},"end":{"line":32,"column":5}},{"start":{"line":30,"column":11},"end":{"line":32,"column":5}}],"line":28},"1":{"loc":{"start":{"line":28,"column":8},"end":{"line":28,"column":51}},"type":"binary-expr","locations":[{"start":{"line":28,"column":8},"end":{"line":28,"column":36}},{"start":{"line":28,"column":40},"end":{"line":28,"column":51}}],"line":28}},"s":{"0":6,"1":6,"2":1,"3":1,"4":1,"5":1,"6":1,"7":6,"8":126,"9":126,"10":126,"11":126,"12":126,"13":1,"14":125,"15":6,"16":126,"17":126,"18":126,"19":258,"20":258,"21":1,"22":1},"f":{"0":1,"1":126,"2":126,"3":126,"4":258,"5":1},"b":{"0":[1,125],"1":[126,95]},"_coverageSchema":"1a1c01bbd47fc00a2c39e90264f33305004495a9","hash":"e4a288743831f0d1412743cf52ac589000306f21"}
,"/home/priscila/Documentos/sd-025-b-project-trybewallet/src/pages/Wallet.js": {"path":"/home/priscila/Documentos/sd-025-b-project-trybewallet/src/pages/Wallet.js","statementMap":{"0":{"start":{"line":9,"column":4},"end":{"line":15,"column":6}}},"fnMap":{"0":{"name":"(anonymous_0)","decl":{"start":{"line":8,"column":2},"end":{"line":8,"column":3}},"loc":{"start":{"line":8,"column":11},"end":{"line":16,"column":3}},"line":8}},"branchMap":{},"s":{"0":18},"f":{"0":18},"b":{},"_coverageSchema":"1a1c01bbd47fc00a2c39e90264f33305004495a9","hash":"e88847e654524e991775d634bb54b9921fd8fd1e"}
,"/home/priscila/Documentos/sd-025-b-project-trybewallet/src/redux/actions/index.js": {"path":"/home/priscila/Documentos/sd-025-b-project-trybewallet/src/redux/actions/index.js","statementMap":{"0":{"start":{"line":1,"column":27},"end":{"line":1,"column":40}},"1":{"start":{"line":2,"column":30},"end":{"line":2,"column":46}},"2":{"start":{"line":3,"column":26},"end":{"line":3,"column":38}},"3":{"start":{"line":4,"column":30},"end":{"line":4,"column":46}},"4":{"start":{"line":5,"column":26},"end":{"line":5,"column":38}},"5":{"start":{"line":6,"column":24},"end":{"line":6,"column":34}},"6":{"start":{"line":7,"column":20},"end":{"line":7,"column":26}},"7":{"start":{"line":8,"column":33},"end":{"line":8,"column":52}},"8":{"start":{"line":10,"column":12},"end":{"line":10,"column":57}},"9":{"start":{"line":12,"column":26},"end":{"line":15,"column":2}},"10":{"start":{"line":12,"column":40},"end":{"line":15,"column":1}},"11":{"start":{"line":17,"column":22},"end":{"line":19,"column":2}},"12":{"start":{"line":17,"column":29},"end":{"line":19,"column":1}},"13":{"start":{"line":21,"column":19},"end":{"line":24,"column":2}},"14":{"start":{"line":21,"column":33},"end":{"line":24,"column":1}},"15":{"start":{"line":26,"column":32},"end":{"line":32,"column":2}},"16":{"start":{"line":26,"column":54},"end":{"line":32,"column":1}},"17":{"start":{"line":34,"column":25},"end":{"line":37,"column":2}},"18":{"start":{"line":34,"column":39},"end":{"line":37,"column":1}},"19":{"start":{"line":39,"column":23},"end":{"line":42,"column":2}},"20":{"start":{"line":39,"column":37},"end":{"line":42,"column":1}},"21":{"start":{"line":44,"column":27},"end":{"line":50,"column":2}},"22":{"start":{"line":44,"column":54},"end":{"line":50,"column":1}},"23":{"start":{"line":53,"column":2},"end":{"line":58,"column":4}},"24":{"start":{"line":54,"column":4},"end":{"line":54,"column":30}},"25":{"start":{"line":55,"column":4},"end":{"line":57,"column":58}},"26":{"start":{"line":56,"column":26},"end":{"line":56,"column":41}},"27":{"start":{"line":57,"column":26},"end":{"line":57,"column":56}},"28":{"start":{"line":62,"column":2},"end":{"line":67,"column":4}},"29":{"start":{"line":63,"column":4},"end":{"line":63,"column":30}},"30":{"start":{"line":64,"column":4},"end":{"line":66,"column":71}},"31":{"start":{"line":65,"column":26},"end":{"line":65,"column":41}},"32":{"start":{"line":66,"column":26},"end":{"line":66,"column":69}},"33":{"start":{"line":71,"column":2},"end":{"line":76,"column":4}},"34":{"start":{"line":72,"column":4},"end":{"line":72,"column":30}},"35":{"start":{"line":73,"column":4},"end":{"line":75,"column":76}},"36":{"start":{"line":74,"column":26},"end":{"line":74,"column":41}},"37":{"start":{"line":75,"column":31},"end":{"line":75,"column":74}}},"fnMap":{"0":{"name":"(anonymous_0)","decl":{"start":{"line":12,"column":26},"end":{"line":12,"column":27}},"loc":{"start":{"line":12,"column":40},"end":{"line":15,"column":1}},"line":12},"1":{"name":"(anonymous_1)","decl":{"start":{"line":17,"column":22},"end":{"line":17,"column":23}},"loc":{"start":{"line":17,"column":29},"end":{"line":19,"column":1}},"line":17},"2":{"name":"(anonymous_2)","decl":{"start":{"line":21,"column":19},"end":{"line":21,"column":20}},"loc":{"start":{"line":21,"column":33},"end":{"line":24,"column":1}},"line":21},"3":{"name":"(anonymous_3)","decl":{"start":{"line":26,"column":32},"end":{"line":26,"column":33}},"loc":{"start":{"line":26,"column":54},"end":{"line":32,"column":1}},"line":26},"4":{"name":"(anonymous_4)","decl":{"start":{"line":34,"column":25},"end":{"line":34,"column":26}},"loc":{"start":{"line":34,"column":39},"end":{"line":37,"column":1}},"line":34},"5":{"name":"(anonymous_5)","decl":{"start":{"line":39,"column":23},"end":{"line":39,"column":24}},"loc":{"start":{"line":39,"column":37},"end":{"line":42,"column":1}},"line":39},"6":{"name":"(anonymous_6)","decl":{"start":{"line":44,"column":27},"end":{"line":44,"column":28}},"loc":{"start":{"line":44,"column":54},"end":{"line":50,"column":1}},"line":44},"7":{"name":"fetchcurrency","decl":{"start":{"line":52,"column":16},"end":{"line":52,"column":29}},"loc":{"start":{"line":52,"column":32},"end":{"line":59,"column":1}},"line":52},"8":{"name":"(anonymous_8)","decl":{"start":{"line":53,"column":9},"end":{"line":53,"column":10}},"loc":{"start":{"line":53,"column":29},"end":{"line":58,"column":3}},"line":53},"9":{"name":"(anonymous_9)","decl":{"start":{"line":56,"column":12},"end":{"line":56,"column":13}},"loc":{"start":{"line":56,"column":26},"end":{"line":56,"column":41}},"line":56},"10":{"name":"(anonymous_10)","decl":{"start":{"line":57,"column":12},"end":{"line":57,"column":13}},"loc":{"start":{"line":57,"column":26},"end":{"line":57,"column":56}},"line":57},"11":{"name":"fetchprice","decl":{"start":{"line":61,"column":16},"end":{"line":61,"column":26}},"loc":{"start":{"line":61,"column":34},"end":{"line":68,"column":1}},"line":61},"12":{"name":"(anonymous_12)","decl":{"start":{"line":62,"column":9},"end":{"line":62,"column":10}},"loc":{"start":{"line":62,"column":29},"end":{"line":67,"column":3}},"line":62},"13":{"name":"(anonymous_13)","decl":{"start":{"line":65,"column":12},"end":{"line":65,"column":13}},"loc":{"start":{"line":65,"column":26},"end":{"line":65,"column":41}},"line":65},"14":{"name":"(anonymous_14)","decl":{"start":{"line":66,"column":12},"end":{"line":66,"column":13}},"loc":{"start":{"line":66,"column":26},"end":{"line":66,"column":69}},"line":66},"15":{"name":"currencyExchange","decl":{"start":{"line":70,"column":16},"end":{"line":70,"column":32}},"loc":{"start":{"line":70,"column":40},"end":{"line":77,"column":1}},"line":70},"16":{"name":"(anonymous_16)","decl":{"start":{"line":71,"column":9},"end":{"line":71,"column":10}},"loc":{"start":{"line":71,"column":29},"end":{"line":76,"column":3}},"line":71},"17":{"name":"(anonymous_17)","decl":{"start":{"line":74,"column":12},"end":{"line":74,"column":13}},"loc":{"start":{"line":74,"column":26},"end":{"line":74,"column":41}},"line":74},"18":{"name":"(anonymous_18)","decl":{"start":{"line":75,"column":12},"end":{"line":75,"column":13}},"loc":{"start":{"line":75,"column":31},"end":{"line":75,"column":74}},"line":75}},"branchMap":{},"s":{"0":7,"1":7,"2":7,"3":7,"4":7,"5":7,"6":7,"7":7,"8":7,"9":7,"10":1,"11":7,"12":27,"13":7,"14":5,"15":7,"16":7,"17":7,"18":2,"19":7,"20":2,"21":7,"22":1,"23":17,"24":17,"25":17,"26":7,"27":5,"28":9,"29":9,"30":9,"31":7,"32":7,"33":1,"34":1,"35":1,"36":1,"37":1},"f":{"0":1,"1":27,"2":5,"3":7,"4":2,"5":2,"6":1,"7":17,"8":17,"9":7,"10":5,"11":9,"12":9,"13":7,"14":7,"15":1,"16":1,"17":1,"18":1},"b":{},"_coverageSchema":"1a1c01bbd47fc00a2c39e90264f33305004495a9","hash":"e659598abd58ea3920ec7f0541a37e3a35cf0cf9"}
,"/home/priscila/Documentos/sd-025-b-project-trybewallet/src/redux/reducers/index.js": {"path":"/home/priscila/Documentos/sd-025-b-project-trybewallet/src/redux/reducers/index.js","statementMap":{"0":{"start":{"line":5,"column":20},"end":{"line":8,"column":2}}},"fnMap":{},"branchMap":{},"s":{"0":7},"f":{},"b":{},"_coverageSchema":"1a1c01bbd47fc00a2c39e90264f33305004495a9","hash":"039513b0b7619442cfbd85a1e537b8d213bc7a93"}
,"/home/priscila/Documentos/sd-025-b-project-trybewallet/src/redux/reducers/user.js": {"path":"/home/priscila/Documentos/sd-025-b-project-trybewallet/src/redux/reducers/user.js","statementMap":{"0":{"start":{"line":3,"column":22},"end":{"line":5,"column":1}},"1":{"start":{"line":7,"column":13},"end":{"line":14,"column":1}},"2":{"start":{"line":8,"column":2},"end":{"line":13,"column":3}},"3":{"start":{"line":10,"column":4},"end":{"line":10,"column":37}},"4":{"start":{"line":12,"column":4},"end":{"line":12,"column":17}}},"fnMap":{"0":{"name":"(anonymous_0)","decl":{"start":{"line":7,"column":13},"end":{"line":7,"column":14}},"loc":{"start":{"line":7,"column":48},"end":{"line":14,"column":1}},"line":7}},"branchMap":{"0":{"loc":{"start":{"line":7,"column":14},"end":{"line":7,"column":35}},"type":"default-arg","locations":[{"start":{"line":7,"column":22},"end":{"line":7,"column":35}}],"line":7},"1":{"loc":{"start":{"line":8,"column":2},"end":{"line":13,"column":3}},"type":"switch","locations":[{"start":{"line":9,"column":2},"end":{"line":10,"column":37}},{"start":{"line":11,"column":2},"end":{"line":12,"column":17}}],"line":8}},"s":{"0":7,"1":7,"2":82,"3":1,"4":81},"f":{"0":82},"b":{"0":[37],"1":[1,81]},"_coverageSchema":"1a1c01bbd47fc00a2c39e90264f33305004495a9","hash":"cafae76938c20063b258ffe535dbc2ab69db7542"}
,"/home/priscila/Documentos/sd-025-b-project-trybewallet/src/redux/reducers/wallet.js": {"path":"/home/priscila/Documentos/sd-025-b-project-trybewallet/src/redux/reducers/wallet.js","statementMap":{"0":{"start":{"line":10,"column":22},"end":{"line":15,"column":1}},"1":{"start":{"line":17,"column":15},"end":{"line":68,"column":1}},"2":{"start":{"line":18,"column":2},"end":{"line":67,"column":3}},"3":{"start":{"line":20,"column":4},"end":{"line":20,"column":24}},"4":{"start":{"line":22,"column":4},"end":{"line":25,"column":6}},"5":{"start":{"line":24,"column":63},"end":{"line":24,"column":78}},"6":{"start":{"line":27,"column":4},"end":{"line":38,"column":6}},"7":{"start":{"line":40,"column":4},"end":{"line":43,"column":6}},"8":{"start":{"line":45,"column":4},"end":{"line":49,"column":6}},"9":{"start":{"line":51,"column":4},"end":{"line":64,"column":6}},"10":{"start":{"line":55,"column":8},"end":{"line":63,"column":19}},"11":{"start":{"line":66,"column":4},"end":{"line":66,"column":17}}},"fnMap":{"0":{"name":"(anonymous_0)","decl":{"start":{"line":17,"column":15},"end":{"line":17,"column":16}},"loc":{"start":{"line":17,"column":50},"end":{"line":68,"column":1}},"line":17},"1":{"name":"(anonymous_1)","decl":{"start":{"line":24,"column":53},"end":{"line":24,"column":54}},"loc":{"start":{"line":24,"column":63},"end":{"line":24,"column":78}},"line":24},"2":{"name":"(anonymous_2)","decl":{"start":{"line":54,"column":35},"end":{"line":54,"column":36}},"loc":{"start":{"line":55,"column":8},"end":{"line":63,"column":19}},"line":55}},"branchMap":{"0":{"loc":{"start":{"line":17,"column":16},"end":{"line":17,"column":37}},"type":"default-arg","locations":[{"start":{"line":17,"column":24},"end":{"line":17,"column":37}}],"line":17},"1":{"loc":{"start":{"line":18,"column":2},"end":{"line":67,"column":3}},"type":"switch","locations":[{"start":{"line":19,"column":2},"end":{"line":20,"column":24}},{"start":{"line":21,"column":2},"end":{"line":25,"column":6}},{"start":{"line":26,"column":2},"end":{"line":38,"column":6}},{"start":{"line":39,"column":2},"end":{"line":43,"column":6}},{"start":{"line":44,"column":2},"end":{"line":49,"column":6}},{"start":{"line":50,"column":2},"end":{"line":64,"column":6}},{"start":{"line":65,"column":2},"end":{"line":66,"column":17}}],"line":18},"2":{"loc":{"start":{"line":55,"column":8},"end":{"line":63,"column":19}},"type":"cond-expr","locations":[{"start":{"line":55,"column":40},"end":{"line":62,"column":55}},{"start":{"line":63,"column":12},"end":{"line":63,"column":19}}],"line":55}},"s":{"0":7,"1":7,"2":82,"3":27,"4":5,"5":80,"6":7,"7":2,"8":2,"9":1,"10":1,"11":38},"f":{"0":82,"1":80,"2":1},"b":{"0":[37],"1":[27,5,7,2,2,1,38],"2":[1,0]},"_coverageSchema":"1a1c01bbd47fc00a2c39e90264f33305004495a9","hash":"3404f26cdf7ef17e4e701e9e0cfc4370fceac7e0"}
}
