TN:
SF:src/App.js
FN:8,(anonymous_0)
FNF:1
FNH:1
FNDA:1,(anonymous_0)
DA:9,1
LF:1
LH:1
BRF:0
BRH:0
end_of_record
TN:
SF:src/components/Header.js
FN:6,(anonymous_0)
FN:9,(anonymous_1)
FN:19,(anonymous_2)
FN:43,(anonymous_3)
FNF:4
FNH:4
FNDA:8,(anonymous_0)
FNDA:8,(anonymous_1)
FNDA:27,(anonymous_2)
FNDA:59,(anonymous_3)
DA:6,17
DA:7,8
DA:8,8
DA:9,8
DA:10,8
DA:11,8
DA:12,8
DA:13,8
DA:15,8
DA:20,27
DA:21,27
DA:38,6
DA:43,59
LF:13
LH:13
BRDA:8,0,0,8
BRDA:8,0,1,0
BRDA:28,1,0,8
BRDA:28,1,1,19
BRF:4
BRH:3
end_of_record
TN:
SF:src/components/Table.js
FN:7,(anonymous_0)
FN:9,(anonymous_1)
FN:13,(anonymous_2)
FN:18,(anonymous_3)
FN:37,(anonymous_4)
FN:85,(anonymous_5)
FNF:6
FNH:6
FNDA:2,(anonymous_0)
FNDA:2,(anonymous_1)
FNDA:2,(anonymous_2)
FNDA:28,(anonymous_3)
FNDA:8,(anonymous_4)
FNDA:60,(anonymous_5)
DA:7,18
DA:8,2
DA:9,2
DA:10,2
DA:13,18
DA:14,2
DA:15,2
DA:19,28
DA:20,28
DA:38,8
DA:80,7
DA:85,60
LF:12
LH:12
BRF:0
BRH:0
end_of_record
TN:
SF:src/components/WalletForm.js
FN:15,(anonymous_0)
FN:20,(anonymous_1)
FN:30,(anonymous_2)
FN:35,(anonymous_3)
FN:41,(anonymous_4)
FN:56,(anonymous_5)
FN:78,(anonymous_6)
FN:149,(anonymous_7)
FNF:8
FNH:8
FNDA:17,(anonymous_0)
FNDA:10,(anonymous_1)
FNDA:145,(anonymous_2)
FNDA:9,(anonymous_3)
FNDA:1,(anonymous_4)
FNDA:187,(anonymous_5)
FNDA:435,(anonymous_6)
FNDA:59,(anonymous_7)
DA:7,17
DA:16,17
DA:17,17
DA:20,17
DA:21,10
DA:30,17
DA:31,145
DA:32,145
DA:35,17
DA:36,9
DA:37,9
DA:38,9
DA:41,17
DA:42,1
DA:43,1
DA:44,1
DA:52,1
DA:53,1
DA:57,187
DA:58,187
DA:59,187
DA:79,435
DA:142,6
DA:149,59
LF:24
LH:24
BRDA:122,0,0,22
BRDA:122,0,1,165
BRF:2
BRH:2
end_of_record
TN:
SF:src/pages/Login.js
FN:15,(anonymous_0)
FN:23,(anonymous_1)
FN:35,(anonymous_2)
FN:37,(anonymous_3)
FN:40,(anonymous_4)
FN:47,(anonymous_5)
FNF:6
FNH:6
FNDA:1,(anonymous_0)
FNDA:126,(anonymous_1)
FNDA:126,(anonymous_2)
FNDA:126,(anonymous_3)
FNDA:258,(anonymous_4)
FNDA:1,(anonymous_5)
DA:9,6
DA:15,6
DA:16,1
DA:17,1
DA:18,1
DA:19,1
DA:20,1
DA:23,6
DA:24,126
DA:25,126
DA:26,126
DA:27,126
DA:28,126
DA:29,1
DA:31,125
DA:35,6
DA:36,126
DA:37,126
DA:41,258
DA:42,258
DA:47,1
DA:90,1
LF:22
LH:22
BRDA:28,0,0,1
BRDA:28,0,1,125
BRDA:28,1,0,126
BRDA:28,1,1,95
BRF:4
BRH:4
end_of_record
TN:
SF:src/pages/Wallet.js
FN:8,(anonymous_0)
FNF:1
FNH:1
FNDA:18,(anonymous_0)
DA:9,18
LF:1
LH:1
BRF:0
BRH:0
end_of_record
TN:
SF:src/redux/actions/index.js
FN:12,(anonymous_0)
FN:17,(anonymous_1)
FN:21,(anonymous_2)
FN:26,(anonymous_3)
FN:34,(anonymous_4)
FN:39,(anonymous_5)
FN:44,(anonymous_6)
FN:52,fetchcurrency
FN:53,(anonymous_8)
FN:56,(anonymous_9)
FN:57,(anonymous_10)
FN:61,fetchprice
FN:62,(anonymous_12)
FN:65,(anonymous_13)
FN:66,(anonymous_14)
FN:70,currencyExchange
FN:71,(anonymous_16)
FN:74,(anonymous_17)
FN:75,(anonymous_18)
FNF:19
FNH:19
FNDA:1,(anonymous_0)
FNDA:27,(anonymous_1)
FNDA:5,(anonymous_2)
FNDA:7,(anonymous_3)
FNDA:2,(anonymous_4)
FNDA:2,(anonymous_5)
FNDA:1,(anonymous_6)
FNDA:17,fetchcurrency
FNDA:17,(anonymous_8)
FNDA:7,(anonymous_9)
FNDA:5,(anonymous_10)
FNDA:9,fetchprice
FNDA:9,(anonymous_12)
FNDA:7,(anonymous_13)
FNDA:7,(anonymous_14)
FNDA:1,currencyExchange
FNDA:1,(anonymous_16)
FNDA:1,(anonymous_17)
FNDA:1,(anonymous_18)
DA:1,7
DA:2,7
DA:3,7
DA:4,7
DA:5,7
DA:6,7
DA:7,7
DA:8,7
DA:10,7
DA:12,7
DA:17,27
DA:21,7
DA:26,7
DA:34,7
DA:39,7
DA:44,7
DA:53,17
DA:54,17
DA:55,17
DA:56,7
DA:57,5
DA:62,9
DA:63,9
DA:64,9
DA:65,7
DA:66,7
DA:71,1
DA:72,1
DA:73,1
DA:74,1
DA:75,1
LF:31
LH:31
BRF:0
BRH:0
end_of_record
TN:
SF:src/redux/reducers/index.js
FNF:0
FNH:0
DA:5,7
LF:1
LH:1
BRF:0
BRH:0
end_of_record
TN:
SF:src/redux/reducers/user.js
FN:7,(anonymous_0)
FNF:1
FNH:1
FNDA:82,(anonymous_0)
DA:3,7
DA:7,7
DA:8,82
DA:10,1
DA:12,81
LF:5
LH:5
BRDA:7,0,0,37
BRDA:8,1,0,1
BRDA:8,1,1,81
BRF:3
BRH:3
end_of_record
TN:
SF:src/redux/reducers/wallet.js
FN:17,(anonymous_0)
FN:24,(anonymous_1)
FN:54,(anonymous_2)
FNF:3
FNH:3
FNDA:82,(anonymous_0)
FNDA:80,(anonymous_1)
FNDA:1,(anonymous_2)
DA:10,7
DA:17,7
DA:18,82
DA:20,27
DA:22,5
DA:24,80
DA:27,7
DA:40,2
DA:45,2
DA:51,1
DA:55,1
DA:66,38
LF:12
LH:12
BRDA:17,0,0,37
BRDA:18,1,0,27
BRDA:18,1,1,5
BRDA:18,1,2,7
BRDA:18,1,3,2
BRDA:18,1,4,2
BRDA:18,1,5,1
BRDA:18,1,6,38
BRDA:55,2,0,1
BRDA:55,2,1,0
BRF:10
BRH:9
end_of_record
